

Started GET "/" for ::1 at 2015-10-19 10:54:51 +0200
Processing by Rails::WelcomeController#index as HTML
  Rendered /Users/jude/.rbenv/versions/2.2.2/lib/ruby/gems/2.2.0/gems/railties-4.2.4/lib/rails/templates/rails/welcome/index.html.erb (2.1ms)
Completed 200 OK in 63ms (Views: 39.2ms | ActiveRecord: 0.0ms)


Started GET "/" for ::1 at 2015-10-19 11:05:00 +0200
Processing by HomepageController#index as HTML
  Rendered homepage/index.html.erb within layouts/application (1.2ms)
Completed 200 OK in 2115ms (Views: 2102.3ms | ActiveRecord: 0.0ms)


Started GET "/assets/homepage.self-e3b0c44298fc1c149afbf4c8996fb92427ae41e4649b934ca495991b7852b855.css?body=1" for ::1 at 2015-10-19 11:05:02 +0200


Started GET "/assets/application.self-e80e8f2318043e8af94dddc2adad5a4f09739a8ebb323b3ab31cd71d45fd9113.css?body=1" for ::1 at 2015-10-19 11:05:02 +0200


Started GET "/assets/jquery.self-a714331225dda820228db323939889f149aec0127aeb06255646b616ba1ca419.js?body=1" for ::1 at 2015-10-19 11:05:02 +0200


Started GET "/assets/homepage.self-877aef30ae1b040ab8a3aba4e3e309a11d7f2612f44dde450b5c157aa5f95c05.js?body=1" for ::1 at 2015-10-19 11:05:02 +0200


Started GET "/assets/jquery_ujs.self-d456baa54c1fa6be2ec3711f0a72ddf7a5b2f34a6b4f515f33767d6207b7d4b3.js?body=1" for ::1 at 2015-10-19 11:05:02 +0200


Started GET "/assets/application.self-3b8dabdc891efe46b9a144b400ad69e37d7e5876bdc39dee783419a69d7ca819.js?body=1" for ::1 at 2015-10-19 11:05:02 +0200


Started GET "/assets/turbolinks.self-c37727e9bd6b2735da5c311aa83fead54ed0be6cc8bd9a65309e9c5abe2cbfff.js?body=1" for ::1 at 2015-10-19 11:05:02 +0200


Started GET "/" for ::1 at 2015-10-19 11:07:26 +0200


Started GET "/homepage/index" for ::1 at 2015-10-19 11:07:26 +0200
Processing by HomepageController#index as HTML
  Rendered homepage/index.html.erb within layouts/application (1.2ms)
Completed 200 OK in 243ms (Views: 232.2ms | ActiveRecord: 0.0ms)


Started GET "/assets/application.self-e80e8f2318043e8af94dddc2adad5a4f09739a8ebb323b3ab31cd71d45fd9113.css?body=1" for ::1 at 2015-10-19 11:07:26 +0200


Started GET "/assets/homepage.self-e3b0c44298fc1c149afbf4c8996fb92427ae41e4649b934ca495991b7852b855.css?body=1" for ::1 at 2015-10-19 11:07:26 +0200


Started GET "/assets/jquery_ujs.self-d456baa54c1fa6be2ec3711f0a72ddf7a5b2f34a6b4f515f33767d6207b7d4b3.js?body=1" for ::1 at 2015-10-19 11:07:26 +0200


Started GET "/assets/turbolinks.self-c37727e9bd6b2735da5c311aa83fead54ed0be6cc8bd9a65309e9c5abe2cbfff.js?body=1" for ::1 at 2015-10-19 11:07:26 +0200


Started GET "/assets/application.self-3b8dabdc891efe46b9a144b400ad69e37d7e5876bdc39dee783419a69d7ca819.js?body=1" for ::1 at 2015-10-19 11:07:26 +0200


Started GET "/assets/jquery.self-a714331225dda820228db323939889f149aec0127aeb06255646b616ba1ca419.js?body=1" for ::1 at 2015-10-19 11:07:26 +0200


Started GET "/assets/homepage.self-877aef30ae1b040ab8a3aba4e3e309a11d7f2612f44dde450b5c157aa5f95c05.js?body=1" for ::1 at 2015-10-19 11:07:26 +0200


Started GET "/homepage/index" for ::1 at 2015-10-19 11:08:16 +0200
Processing by HomepageController#index as HTML
  Rendered homepage/index.html.erb within layouts/application (0.1ms)
Completed 200 OK in 34ms (Views: 33.2ms | ActiveRecord: 0.0ms)


Started GET "/assets/application.self-e80e8f2318043e8af94dddc2adad5a4f09739a8ebb323b3ab31cd71d45fd9113.css?body=1" for ::1 at 2015-10-19 11:08:16 +0200


Started GET "/assets/jquery_ujs.self-d456baa54c1fa6be2ec3711f0a72ddf7a5b2f34a6b4f515f33767d6207b7d4b3.js?body=1" for ::1 at 2015-10-19 11:08:16 +0200


Started GET "/assets/homepage.self-e3b0c44298fc1c149afbf4c8996fb92427ae41e4649b934ca495991b7852b855.css?body=1" for ::1 at 2015-10-19 11:08:16 +0200


Started GET "/assets/jquery.self-a714331225dda820228db323939889f149aec0127aeb06255646b616ba1ca419.js?body=1" for ::1 at 2015-10-19 11:08:16 +0200


Started GET "/assets/turbolinks.self-c37727e9bd6b2735da5c311aa83fead54ed0be6cc8bd9a65309e9c5abe2cbfff.js?body=1" for ::1 at 2015-10-19 11:08:16 +0200


Started GET "/assets/homepage.self-877aef30ae1b040ab8a3aba4e3e309a11d7f2612f44dde450b5c157aa5f95c05.js?body=1" for ::1 at 2015-10-19 11:08:16 +0200


Started GET "/assets/application.self-3b8dabdc891efe46b9a144b400ad69e37d7e5876bdc39dee783419a69d7ca819.js?body=1" for ::1 at 2015-10-19 11:08:16 +0200


Started GET "/homepage/index" for ::1 at 2015-10-19 11:08:29 +0200
Processing by HomepageController#index as HTML
  Rendered homepage/index.html.erb within layouts/application (1.3ms)
Completed 200 OK in 223ms (Views: 212.6ms | ActiveRecord: 0.0ms)


Started GET "/assets/application.self-e80e8f2318043e8af94dddc2adad5a4f09739a8ebb323b3ab31cd71d45fd9113.css?body=1" for ::1 at 2015-10-19 11:08:29 +0200


Started GET "/assets/homepage.self-e3b0c44298fc1c149afbf4c8996fb92427ae41e4649b934ca495991b7852b855.css?body=1" for ::1 at 2015-10-19 11:08:29 +0200


Started GET "/assets/turbolinks.self-c37727e9bd6b2735da5c311aa83fead54ed0be6cc8bd9a65309e9c5abe2cbfff.js?body=1" for ::1 at 2015-10-19 11:08:29 +0200


Started GET "/assets/jquery_ujs.self-d456baa54c1fa6be2ec3711f0a72ddf7a5b2f34a6b4f515f33767d6207b7d4b3.js?body=1" for ::1 at 2015-10-19 11:08:29 +0200


Started GET "/assets/homepage.self-877aef30ae1b040ab8a3aba4e3e309a11d7f2612f44dde450b5c157aa5f95c05.js?body=1" for ::1 at 2015-10-19 11:08:29 +0200


Started GET "/assets/jquery.self-a714331225dda820228db323939889f149aec0127aeb06255646b616ba1ca419.js?body=1" for ::1 at 2015-10-19 11:08:29 +0200


Started GET "/assets/application.self-3b8dabdc891efe46b9a144b400ad69e37d7e5876bdc39dee783419a69d7ca819.js?body=1" for ::1 at 2015-10-19 11:08:29 +0200


Started GET "/" for ::1 at 2015-10-19 11:08:33 +0200


Started GET "/homepage/show" for ::1 at 2015-10-19 11:08:33 +0200
Processing by HomepageController#show as HTML
  Rendered homepage/show.html.erb within layouts/application (0.4ms)
Completed 200 OK in 53ms (Views: 52.3ms | ActiveRecord: 0.0ms)


Started GET "/homepage/show" for ::1 at 2015-10-19 11:16:23 +0200
Processing by HomepageController#show as HTML
  Rendered homepage/show.html.erb within layouts/application (1.3ms)
Completed 200 OK in 286ms (Views: 264.2ms | ActiveRecord: 0.0ms)


Started GET "/assets/homepage.self-d7b82cf8a7b990fed233bee93543f82c679d36320db2514d41b7d324f01df211.css?body=1" for ::1 at 2015-10-19 11:16:24 +0200


Started GET "/assets/turbolinks.self-c37727e9bd6b2735da5c311aa83fead54ed0be6cc8bd9a65309e9c5abe2cbfff.js?body=1" for ::1 at 2015-10-19 11:16:24 +0200


Started GET "/assets/jquery.self-a714331225dda820228db323939889f149aec0127aeb06255646b616ba1ca419.js?body=1" for ::1 at 2015-10-19 11:16:24 +0200


Started GET "/assets/jquery_ujs.self-d456baa54c1fa6be2ec3711f0a72ddf7a5b2f34a6b4f515f33767d6207b7d4b3.js?body=1" for ::1 at 2015-10-19 11:16:24 +0200


Started GET "/assets/application.self-e80e8f2318043e8af94dddc2adad5a4f09739a8ebb323b3ab31cd71d45fd9113.css?body=1" for ::1 at 2015-10-19 11:16:24 +0200


Started GET "/assets/homepage.self-877aef30ae1b040ab8a3aba4e3e309a11d7f2612f44dde450b5c157aa5f95c05.js?body=1" for ::1 at 2015-10-19 11:16:24 +0200


Started GET "/assets/application.self-3b8dabdc891efe46b9a144b400ad69e37d7e5876bdc39dee783419a69d7ca819.js?body=1" for ::1 at 2015-10-19 11:16:24 +0200


Started GET "/homepage/show" for ::1 at 2015-10-19 11:19:01 +0200
Processing by HomepageController#show as HTML
  Rendered homepage/show.html.erb within layouts/application (1.5ms)
Completed 200 OK in 255ms (Views: 243.9ms | ActiveRecord: 0.0ms)


Started GET "/assets/application.self-e80e8f2318043e8af94dddc2adad5a4f09739a8ebb323b3ab31cd71d45fd9113.css?body=1" for ::1 at 2015-10-19 11:19:01 +0200


Started GET "/assets/homepage.self-d7b82cf8a7b990fed233bee93543f82c679d36320db2514d41b7d324f01df211.css?body=1" for ::1 at 2015-10-19 11:19:01 +0200


Started GET "/assets/jquery.self-a714331225dda820228db323939889f149aec0127aeb06255646b616ba1ca419.js?body=1" for ::1 at 2015-10-19 11:19:01 +0200


Started GET "/assets/turbolinks.self-c37727e9bd6b2735da5c311aa83fead54ed0be6cc8bd9a65309e9c5abe2cbfff.js?body=1" for ::1 at 2015-10-19 11:19:01 +0200


Started GET "/assets/jquery_ujs.self-d456baa54c1fa6be2ec3711f0a72ddf7a5b2f34a6b4f515f33767d6207b7d4b3.js?body=1" for ::1 at 2015-10-19 11:19:01 +0200


Started GET "/assets/homepage.self-877aef30ae1b040ab8a3aba4e3e309a11d7f2612f44dde450b5c157aa5f95c05.js?body=1" for ::1 at 2015-10-19 11:19:01 +0200


Started GET "/assets/application.self-3b8dabdc891efe46b9a144b400ad69e37d7e5876bdc39dee783419a69d7ca819.js?body=1" for ::1 at 2015-10-19 11:19:01 +0200


Started GET "/homepage/show" for ::1 at 2015-10-19 11:21:53 +0200
Processing by HomepageController#show as HTML
  Rendered homepage/show.html.erb within layouts/application (2.0ms)
Completed 200 OK in 241ms (Views: 228.7ms | ActiveRecord: 0.0ms)


Started GET "/homepage/show" for ::1 at 2015-10-19 11:21:56 +0200
Processing by HomepageController#show as HTML
  Rendered homepage/show.html.erb within layouts/application (0.0ms)
Completed 200 OK in 35ms (Views: 34.5ms | ActiveRecord: 0.0ms)


Started GET "/assets/application.self-e80e8f2318043e8af94dddc2adad5a4f09739a8ebb323b3ab31cd71d45fd9113.css?body=1" for ::1 at 2015-10-19 11:21:56 +0200


Started GET "/assets/homepage.self-d7b82cf8a7b990fed233bee93543f82c679d36320db2514d41b7d324f01df211.css?body=1" for ::1 at 2015-10-19 11:21:56 +0200


Started GET "/assets/turbolinks.self-c37727e9bd6b2735da5c311aa83fead54ed0be6cc8bd9a65309e9c5abe2cbfff.js?body=1" for ::1 at 2015-10-19 11:21:56 +0200


Started GET "/assets/jquery.self-a714331225dda820228db323939889f149aec0127aeb06255646b616ba1ca419.js?body=1" for ::1 at 2015-10-19 11:21:56 +0200


Started GET "/assets/homepage.self-877aef30ae1b040ab8a3aba4e3e309a11d7f2612f44dde450b5c157aa5f95c05.js?body=1" for ::1 at 2015-10-19 11:21:56 +0200


Started GET "/assets/jquery_ujs.self-d456baa54c1fa6be2ec3711f0a72ddf7a5b2f34a6b4f515f33767d6207b7d4b3.js?body=1" for ::1 at 2015-10-19 11:21:57 +0200


Started GET "/assets/application.self-3b8dabdc891efe46b9a144b400ad69e37d7e5876bdc39dee783419a69d7ca819.js?body=1" for ::1 at 2015-10-19 11:21:57 +0200


Started GET "/homepage/show" for ::1 at 2015-10-19 11:25:02 +0200
Processing by HomepageController#show as HTML
  Rendered homepage/show.html.erb within layouts/application (1.6ms)
Completed 200 OK in 303ms (Views: 292.2ms | ActiveRecord: 0.0ms)


Started GET "/assets/application.self-e80e8f2318043e8af94dddc2adad5a4f09739a8ebb323b3ab31cd71d45fd9113.css?body=1" for ::1 at 2015-10-19 11:25:03 +0200


Started GET "/assets/homepage.self-36fdb38a01c56f8f4d0d1804d84ee957d8b661cab768be391b805e30f69df110.css?body=1" for ::1 at 2015-10-19 11:25:03 +0200


Started GET "/assets/homepage.self-877aef30ae1b040ab8a3aba4e3e309a11d7f2612f44dde450b5c157aa5f95c05.js?body=1" for ::1 at 2015-10-19 11:25:03 +0200


Started GET "/assets/jquery_ujs.self-d456baa54c1fa6be2ec3711f0a72ddf7a5b2f34a6b4f515f33767d6207b7d4b3.js?body=1" for ::1 at 2015-10-19 11:25:03 +0200


Started GET "/assets/turbolinks.self-c37727e9bd6b2735da5c311aa83fead54ed0be6cc8bd9a65309e9c5abe2cbfff.js?body=1" for ::1 at 2015-10-19 11:25:03 +0200


Started GET "/assets/jquery.self-a714331225dda820228db323939889f149aec0127aeb06255646b616ba1ca419.js?body=1" for ::1 at 2015-10-19 11:25:03 +0200


Started GET "/assets/application.self-3b8dabdc891efe46b9a144b400ad69e37d7e5876bdc39dee783419a69d7ca819.js?body=1" for ::1 at 2015-10-19 11:25:03 +0200


Started GET "/assets/body-bg.jpg" for ::1 at 2015-10-19 11:25:03 +0200

ActionController::RoutingError (No route matches [GET] "/assets/body-bg.jpg"):
  actionpack (4.2.4) lib/action_dispatch/middleware/debug_exceptions.rb:21:in `call'
  web-console (2.2.1) lib/web_console/middleware.rb:39:in `call'
  actionpack (4.2.4) lib/action_dispatch/middleware/show_exceptions.rb:30:in `call'
  railties (4.2.4) lib/rails/rack/logger.rb:38:in `call_app'
  railties (4.2.4) lib/rails/rack/logger.rb:20:in `block in call'
  activesupport (4.2.4) lib/active_support/tagged_logging.rb:68:in `block in tagged'
  activesupport (4.2.4) lib/active_support/tagged_logging.rb:26:in `tagged'
  activesupport (4.2.4) lib/active_support/tagged_logging.rb:68:in `tagged'
  railties (4.2.4) lib/rails/rack/logger.rb:20:in `call'
  actionpack (4.2.4) lib/action_dispatch/middleware/request_id.rb:21:in `call'
  rack (1.6.4) lib/rack/methodoverride.rb:22:in `call'
  rack (1.6.4) lib/rack/runtime.rb:18:in `call'
  activesupport (4.2.4) lib/active_support/cache/strategy/local_cache_middleware.rb:28:in `call'
  rack (1.6.4) lib/rack/lock.rb:17:in `call'
  actionpack (4.2.4) lib/action_dispatch/middleware/static.rb:116:in `call'
  rack (1.6.4) lib/rack/sendfile.rb:113:in `call'
  railties (4.2.4) lib/rails/engine.rb:518:in `call'
  railties (4.2.4) lib/rails/application.rb:165:in `call'
  rack (1.6.4) lib/rack/lock.rb:17:in `call'
  rack (1.6.4) lib/rack/content_length.rb:15:in `call'
  rack (1.6.4) lib/rack/handler/webrick.rb:88:in `service'
  /Users/jude/.rbenv/versions/2.2.2/lib/ruby/2.2.0/webrick/httpserver.rb:138:in `service'
  /Users/jude/.rbenv/versions/2.2.2/lib/ruby/2.2.0/webrick/httpserver.rb:94:in `run'
  /Users/jude/.rbenv/versions/2.2.2/lib/ruby/2.2.0/webrick/server.rb:294:in `block in start_thread'


  Rendered /Users/jude/.rbenv/versions/2.2.2/lib/ruby/gems/2.2.0/gems/actionpack-4.2.4/lib/action_dispatch/middleware/templates/rescues/_trace.html.erb (1.6ms)
  Rendered /Users/jude/.rbenv/versions/2.2.2/lib/ruby/gems/2.2.0/gems/actionpack-4.2.4/lib/action_dispatch/middleware/templates/routes/_route.html.erb (1.2ms)
  Rendered /Users/jude/.rbenv/versions/2.2.2/lib/ruby/gems/2.2.0/gems/actionpack-4.2.4/lib/action_dispatch/middleware/templates/routes/_table.html.erb (22.8ms)
  Rendered /Users/jude/.rbenv/versions/2.2.2/lib/ruby/gems/2.2.0/gems/actionpack-4.2.4/lib/action_dispatch/middleware/templates/rescues/_request_and_response.html.erb (1.5ms)
  Rendered /Users/jude/.rbenv/versions/2.2.2/lib/ruby/gems/2.2.0/gems/actionpack-4.2.4/lib/action_dispatch/middleware/templates/rescues/routing_error.html.erb within rescues/layout (153.0ms)
  Rendered /Users/jude/.rbenv/versions/2.2.2/lib/ruby/gems/2.2.0/gems/web-console-2.2.1/lib/web_console/templates/_markup.html.erb (0.8ms)
  Rendered /Users/jude/.rbenv/versions/2.2.2/lib/ruby/gems/2.2.0/gems/web-console-2.2.1/lib/web_console/templates/_inner_console_markup.html.erb within layouts/inlined_string (0.5ms)
  Rendered /Users/jude/.rbenv/versions/2.2.2/lib/ruby/gems/2.2.0/gems/web-console-2.2.1/lib/web_console/templates/_prompt_box_markup.html.erb within layouts/inlined_string (0.5ms)
  Rendered /Users/jude/.rbenv/versions/2.2.2/lib/ruby/gems/2.2.0/gems/web-console-2.2.1/lib/web_console/templates/style.css.erb within layouts/inlined_string (0.4ms)
  Rendered /Users/jude/.rbenv/versions/2.2.2/lib/ruby/gems/2.2.0/gems/web-console-2.2.1/lib/web_console/templates/console.js.erb within layouts/javascript (104.5ms)
  Rendered /Users/jude/.rbenv/versions/2.2.2/lib/ruby/gems/2.2.0/gems/web-console-2.2.1/lib/web_console/templates/main.js.erb within layouts/javascript (0.5ms)
  Rendered /Users/jude/.rbenv/versions/2.2.2/lib/ruby/gems/2.2.0/gems/web-console-2.2.1/lib/web_console/templates/error_page.js.erb within layouts/javascript (0.6ms)
  Rendered /Users/jude/.rbenv/versions/2.2.2/lib/ruby/gems/2.2.0/gems/web-console-2.2.1/lib/web_console/templates/index.html.erb (231.2ms)


Started GET "/homepage/show" for ::1 at 2015-10-19 11:39:00 +0200
Processing by HomepageController#show as HTML
  Rendered homepage/show.html.erb within layouts/application (1.3ms)
Completed 200 OK in 288ms (Views: 276.2ms | ActiveRecord: 0.0ms)


Started GET "/assets/application.self-e80e8f2318043e8af94dddc2adad5a4f09739a8ebb323b3ab31cd71d45fd9113.css?body=1" for ::1 at 2015-10-19 11:39:01 +0200


Started GET "/assets/jquery.self-a714331225dda820228db323939889f149aec0127aeb06255646b616ba1ca419.js?body=1" for ::1 at 2015-10-19 11:39:01 +0200


Started GET "/assets/application.self-3b8dabdc891efe46b9a144b400ad69e37d7e5876bdc39dee783419a69d7ca819.js?body=1" for ::1 at 2015-10-19 11:39:01 +0200


Started GET "/assets/jquery_ujs.self-d456baa54c1fa6be2ec3711f0a72ddf7a5b2f34a6b4f515f33767d6207b7d4b3.js?body=1" for ::1 at 2015-10-19 11:39:01 +0200


Started GET "/assets/turbolinks.self-c37727e9bd6b2735da5c311aa83fead54ed0be6cc8bd9a65309e9c5abe2cbfff.js?body=1" for ::1 at 2015-10-19 11:39:01 +0200


Started GET "/assets/homepage.self-877aef30ae1b040ab8a3aba4e3e309a11d7f2612f44dde450b5c157aa5f95c05.js?body=1" for ::1 at 2015-10-19 11:39:01 +0200


Started GET "/assets/homepage.self-36fdb38a01c56f8f4d0d1804d84ee957d8b661cab768be391b805e30f69df110.css?body=1" for ::1 at 2015-10-19 11:39:01 +0200


Started GET "/homepage/show" for ::1 at 2015-10-19 11:40:25 +0200
Processing by HomepageController#show as HTML
  Rendered homepage/show.html.erb within layouts/application (1.2ms)
Completed 200 OK in 279ms (Views: 266.8ms | ActiveRecord: 0.0ms)


Started GET "/assets/homepage.self-c44eae93f081ff289cb1b950f810109c4dceb4c4332a37533bb17ed61da3fe10.css?body=1" for ::1 at 2015-10-19 11:40:25 +0200


Started GET "/assets/jquery.self-a714331225dda820228db323939889f149aec0127aeb06255646b616ba1ca419.js?body=1" for ::1 at 2015-10-19 11:40:25 +0200


Started GET "/assets/application.self-e80e8f2318043e8af94dddc2adad5a4f09739a8ebb323b3ab31cd71d45fd9113.css?body=1" for ::1 at 2015-10-19 11:40:25 +0200


Started GET "/assets/homepage.self-877aef30ae1b040ab8a3aba4e3e309a11d7f2612f44dde450b5c157aa5f95c05.js?body=1" for ::1 at 2015-10-19 11:40:25 +0200


Started GET "/assets/jquery_ujs.self-d456baa54c1fa6be2ec3711f0a72ddf7a5b2f34a6b4f515f33767d6207b7d4b3.js?body=1" for ::1 at 2015-10-19 11:40:25 +0200


Started GET "/assets/application.self-3b8dabdc891efe46b9a144b400ad69e37d7e5876bdc39dee783419a69d7ca819.js?body=1" for ::1 at 2015-10-19 11:40:25 +0200


Started GET "/assets/turbolinks.self-c37727e9bd6b2735da5c311aa83fead54ed0be6cc8bd9a65309e9c5abe2cbfff.js?body=1" for ::1 at 2015-10-19 11:40:25 +0200


Started GET "/homepage/show" for ::1 at 2015-10-19 11:41:17 +0200
Processing by HomepageController#show as HTML
  Rendered homepage/show.html.erb within layouts/application (1.1ms)
Completed 200 OK in 304ms (Views: 292.7ms | ActiveRecord: 0.0ms)


Started GET "/assets/application.self-e80e8f2318043e8af94dddc2adad5a4f09739a8ebb323b3ab31cd71d45fd9113.css?body=1" for ::1 at 2015-10-19 11:41:17 +0200


Started GET "/assets/homepage.self-877aef30ae1b040ab8a3aba4e3e309a11d7f2612f44dde450b5c157aa5f95c05.js?body=1" for ::1 at 2015-10-19 11:41:17 +0200


Started GET "/assets/jquery_ujs.self-d456baa54c1fa6be2ec3711f0a72ddf7a5b2f34a6b4f515f33767d6207b7d4b3.js?body=1" for ::1 at 2015-10-19 11:41:17 +0200


Started GET "/assets/turbolinks.self-c37727e9bd6b2735da5c311aa83fead54ed0be6cc8bd9a65309e9c5abe2cbfff.js?body=1" for ::1 at 2015-10-19 11:41:17 +0200


Started GET "/assets/jquery.self-a714331225dda820228db323939889f149aec0127aeb06255646b616ba1ca419.js?body=1" for ::1 at 2015-10-19 11:41:17 +0200


Started GET "/assets/homepage.self-92f38a8d17f860752ec09ca29212fb26d5bc0a6451f365b3c8810bb991bba49f.css?body=1" for ::1 at 2015-10-19 11:41:17 +0200


Started GET "/assets/application.self-3b8dabdc891efe46b9a144b400ad69e37d7e5876bdc39dee783419a69d7ca819.js?body=1" for ::1 at 2015-10-19 11:41:17 +0200


Started GET "/homepage/show" for ::1 at 2015-10-19 11:41:27 +0200
Processing by HomepageController#show as HTML
  Rendered homepage/show.html.erb within layouts/application (0.1ms)
Completed 200 OK in 59ms (Views: 58.6ms | ActiveRecord: 0.0ms)


Started GET "/homepage/show" for ::1 at 2015-10-19 11:42:23 +0200
Processing by HomepageController#show as HTML
  Rendered homepage/show.html.erb within layouts/application (1.1ms)
Completed 200 OK in 304ms (Views: 285.8ms | ActiveRecord: 0.0ms)


Started GET "/assets/homepage.self-dc78a593ba008c5b17112472fb0c5729421d253604143a059d8b5efa352cd73a.css?body=1" for ::1 at 2015-10-19 11:42:24 +0200


Started GET "/assets/application.self-e80e8f2318043e8af94dddc2adad5a4f09739a8ebb323b3ab31cd71d45fd9113.css?body=1" for ::1 at 2015-10-19 11:42:24 +0200


Started GET "/assets/jquery.self-a714331225dda820228db323939889f149aec0127aeb06255646b616ba1ca419.js?body=1" for ::1 at 2015-10-19 11:42:24 +0200


Started GET "/assets/jquery_ujs.self-d456baa54c1fa6be2ec3711f0a72ddf7a5b2f34a6b4f515f33767d6207b7d4b3.js?body=1" for ::1 at 2015-10-19 11:42:24 +0200


Started GET "/assets/turbolinks.self-c37727e9bd6b2735da5c311aa83fead54ed0be6cc8bd9a65309e9c5abe2cbfff.js?body=1" for ::1 at 2015-10-19 11:42:24 +0200


Started GET "/assets/homepage.self-877aef30ae1b040ab8a3aba4e3e309a11d7f2612f44dde450b5c157aa5f95c05.js?body=1" for ::1 at 2015-10-19 11:42:24 +0200


Started GET "/assets/application.self-3b8dabdc891efe46b9a144b400ad69e37d7e5876bdc39dee783419a69d7ca819.js?body=1" for ::1 at 2015-10-19 11:42:24 +0200


Started GET "/homepage/show" for ::1 at 2015-10-19 11:43:58 +0200
Processing by HomepageController#show as HTML
  Rendered homepage/show.html.erb within layouts/application (0.4ms)
Completed 200 OK in 138ms (Views: 137.7ms | ActiveRecord: 0.0ms)


Started GET "/assets/application.self-e80e8f2318043e8af94dddc2adad5a4f09739a8ebb323b3ab31cd71d45fd9113.css?body=1" for ::1 at 2015-10-19 11:43:58 +0200


Started GET "/assets/homepage.self-ab3a53d11096372696413a96b84e4082a340222dd3268cfaf6df3a5a6b1135c6.css?body=1" for ::1 at 2015-10-19 11:43:58 +0200


Started GET "/assets/jquery.self-a714331225dda820228db323939889f149aec0127aeb06255646b616ba1ca419.js?body=1" for ::1 at 2015-10-19 11:43:58 +0200


Started GET "/assets/turbolinks.self-c37727e9bd6b2735da5c311aa83fead54ed0be6cc8bd9a65309e9c5abe2cbfff.js?body=1" for ::1 at 2015-10-19 11:43:58 +0200


Started GET "/assets/homepage.self-877aef30ae1b040ab8a3aba4e3e309a11d7f2612f44dde450b5c157aa5f95c05.js?body=1" for ::1 at 2015-10-19 11:43:58 +0200


Started GET "/assets/jquery_ujs.self-d456baa54c1fa6be2ec3711f0a72ddf7a5b2f34a6b4f515f33767d6207b7d4b3.js?body=1" for ::1 at 2015-10-19 11:43:58 +0200


Started GET "/assets/application.self-3b8dabdc891efe46b9a144b400ad69e37d7e5876bdc39dee783419a69d7ca819.js?body=1" for ::1 at 2015-10-19 11:43:58 +0200


Started GET "/homepage/show" for ::1 at 2015-10-19 11:45:55 +0200
Processing by HomepageController#show as HTML
  Rendered homepage/show.html.erb within layouts/application (0.3ms)
Completed 200 OK in 119ms (Views: 118.6ms | ActiveRecord: 0.0ms)


Started GET "/assets/application.self-e80e8f2318043e8af94dddc2adad5a4f09739a8ebb323b3ab31cd71d45fd9113.css?body=1" for ::1 at 2015-10-19 11:45:55 +0200


Started GET "/assets/homepage.self-edc2dfa7abea2247f0f2b6ad3cc9137e99e9e1188ac4170885f28edc74b7c19a.css?body=1" for ::1 at 2015-10-19 11:45:55 +0200


Started GET "/assets/turbolinks.self-c37727e9bd6b2735da5c311aa83fead54ed0be6cc8bd9a65309e9c5abe2cbfff.js?body=1" for ::1 at 2015-10-19 11:45:55 +0200


Started GET "/assets/jquery_ujs.self-d456baa54c1fa6be2ec3711f0a72ddf7a5b2f34a6b4f515f33767d6207b7d4b3.js?body=1" for ::1 at 2015-10-19 11:45:55 +0200


Started GET "/assets/homepage.self-877aef30ae1b040ab8a3aba4e3e309a11d7f2612f44dde450b5c157aa5f95c05.js?body=1" for ::1 at 2015-10-19 11:45:55 +0200


Started GET "/assets/jquery.self-a714331225dda820228db323939889f149aec0127aeb06255646b616ba1ca419.js?body=1" for ::1 at 2015-10-19 11:45:55 +0200


Started GET "/assets/application.self-3b8dabdc891efe46b9a144b400ad69e37d7e5876bdc39dee783419a69d7ca819.js?body=1" for ::1 at 2015-10-19 11:45:56 +0200


Started GET "/homepage/show" for ::1 at 2015-10-19 11:47:00 +0200
Processing by HomepageController#show as HTML
  Rendered homepage/show.html.erb within layouts/application (0.1ms)
Completed 200 OK in 101ms (Views: 99.9ms | ActiveRecord: 0.0ms)


Started GET "/assets/application.self-e80e8f2318043e8af94dddc2adad5a4f09739a8ebb323b3ab31cd71d45fd9113.css?body=1" for ::1 at 2015-10-19 11:47:01 +0200


Started GET "/assets/jquery.self-a714331225dda820228db323939889f149aec0127aeb06255646b616ba1ca419.js?body=1" for ::1 at 2015-10-19 11:47:01 +0200


Started GET "/assets/homepage.self-3f99cf272729a8a42a46e88cc780d20c897358d3ac9c49ebd4ae5e48a130ce67.css?body=1" for ::1 at 2015-10-19 11:47:01 +0200


Started GET "/assets/application.self-3b8dabdc891efe46b9a144b400ad69e37d7e5876bdc39dee783419a69d7ca819.js?body=1" for ::1 at 2015-10-19 11:47:01 +0200


Started GET "/assets/jquery_ujs.self-d456baa54c1fa6be2ec3711f0a72ddf7a5b2f34a6b4f515f33767d6207b7d4b3.js?body=1" for ::1 at 2015-10-19 11:47:01 +0200


Started GET "/assets/homepage.self-877aef30ae1b040ab8a3aba4e3e309a11d7f2612f44dde450b5c157aa5f95c05.js?body=1" for ::1 at 2015-10-19 11:47:01 +0200


Started GET "/assets/turbolinks.self-c37727e9bd6b2735da5c311aa83fead54ed0be6cc8bd9a65309e9c5abe2cbfff.js?body=1" for ::1 at 2015-10-19 11:47:01 +0200


Started GET "/homepage/show" for ::1 at 2015-10-19 11:51:28 +0200
Processing by HomepageController#show as HTML
  Rendered homepage/show.html.erb within layouts/application (0.6ms)
Completed 200 OK in 129ms (Views: 127.9ms | ActiveRecord: 0.0ms)


Started GET "/assets/homepage.self-4d03c385b56739f3563b0db58689fcc22cbb6beb810f5e2c467681d75a928739.css?body=1" for ::1 at 2015-10-19 11:51:28 +0200


Started GET "/assets/application.self-e80e8f2318043e8af94dddc2adad5a4f09739a8ebb323b3ab31cd71d45fd9113.css?body=1" for ::1 at 2015-10-19 11:51:28 +0200


Started GET "/assets/jquery.self-a714331225dda820228db323939889f149aec0127aeb06255646b616ba1ca419.js?body=1" for ::1 at 2015-10-19 11:51:28 +0200


Started GET "/assets/jquery_ujs.self-d456baa54c1fa6be2ec3711f0a72ddf7a5b2f34a6b4f515f33767d6207b7d4b3.js?body=1" for ::1 at 2015-10-19 11:51:28 +0200


Started GET "/assets/application.self-3b8dabdc891efe46b9a144b400ad69e37d7e5876bdc39dee783419a69d7ca819.js?body=1" for ::1 at 2015-10-19 11:51:28 +0200


Started GET "/assets/turbolinks.self-c37727e9bd6b2735da5c311aa83fead54ed0be6cc8bd9a65309e9c5abe2cbfff.js?body=1" for ::1 at 2015-10-19 11:51:28 +0200


Started GET "/assets/homepage.self-877aef30ae1b040ab8a3aba4e3e309a11d7f2612f44dde450b5c157aa5f95c05.js?body=1" for ::1 at 2015-10-19 11:51:28 +0200


Started GET "/homepage/show" for ::1 at 2015-10-19 11:52:01 +0200
Processing by HomepageController#show as HTML
  Rendered homepage/show.html.erb within layouts/application (0.0ms)
Completed 200 OK in 116ms (Views: 115.6ms | ActiveRecord: 0.0ms)


Started GET "/assets/application.self-e80e8f2318043e8af94dddc2adad5a4f09739a8ebb323b3ab31cd71d45fd9113.css?body=1" for ::1 at 2015-10-19 11:52:01 +0200


Started GET "/assets/homepage.self-cca0509aae8fc62b5619b5888ea522e710e59e732c51a800e52f892554ab6463.css?body=1" for ::1 at 2015-10-19 11:52:01 +0200


Started GET "/assets/jquery.self-a714331225dda820228db323939889f149aec0127aeb06255646b616ba1ca419.js?body=1" for ::1 at 2015-10-19 11:52:01 +0200


Started GET "/assets/jquery_ujs.self-d456baa54c1fa6be2ec3711f0a72ddf7a5b2f34a6b4f515f33767d6207b7d4b3.js?body=1" for ::1 at 2015-10-19 11:52:01 +0200


Started GET "/assets/application.self-3b8dabdc891efe46b9a144b400ad69e37d7e5876bdc39dee783419a69d7ca819.js?body=1" for ::1 at 2015-10-19 11:52:01 +0200


Started GET "/assets/turbolinks.self-c37727e9bd6b2735da5c311aa83fead54ed0be6cc8bd9a65309e9c5abe2cbfff.js?body=1" for ::1 at 2015-10-19 11:52:01 +0200


Started GET "/assets/homepage.self-877aef30ae1b040ab8a3aba4e3e309a11d7f2612f44dde450b5c157aa5f95c05.js?body=1" for ::1 at 2015-10-19 11:52:01 +0200


Started GET "/homepage/show" for ::1 at 2015-10-19 11:52:24 +0200
Processing by HomepageController#show as HTML
  Rendered homepage/show.html.erb within layouts/application (0.1ms)
Completed 200 OK in 102ms (Views: 100.9ms | ActiveRecord: 0.0ms)


Started GET "/assets/homepage.self-93b2e635a2c58607024b59a29df75f26a239111b6c5ac0f0e70b4adf7d377a5b.css?body=1" for ::1 at 2015-10-19 11:52:25 +0200


Started GET "/assets/jquery.self-a714331225dda820228db323939889f149aec0127aeb06255646b616ba1ca419.js?body=1" for ::1 at 2015-10-19 11:52:25 +0200


Started GET "/assets/jquery_ujs.self-d456baa54c1fa6be2ec3711f0a72ddf7a5b2f34a6b4f515f33767d6207b7d4b3.js?body=1" for ::1 at 2015-10-19 11:52:25 +0200


Started GET "/assets/homepage.self-877aef30ae1b040ab8a3aba4e3e309a11d7f2612f44dde450b5c157aa5f95c05.js?body=1" for ::1 at 2015-10-19 11:52:25 +0200


Started GET "/assets/application.self-e80e8f2318043e8af94dddc2adad5a4f09739a8ebb323b3ab31cd71d45fd9113.css?body=1" for ::1 at 2015-10-19 11:52:25 +0200


Started GET "/assets/application.self-3b8dabdc891efe46b9a144b400ad69e37d7e5876bdc39dee783419a69d7ca819.js?body=1" for ::1 at 2015-10-19 11:52:25 +0200


Started GET "/assets/turbolinks.self-c37727e9bd6b2735da5c311aa83fead54ed0be6cc8bd9a65309e9c5abe2cbfff.js?body=1" for ::1 at 2015-10-19 11:52:25 +0200


Started GET "/homepage/show" for ::1 at 2015-10-19 11:52:34 +0200
Processing by HomepageController#show as HTML
  Rendered homepage/show.html.erb within layouts/application (0.0ms)
Completed 200 OK in 108ms (Views: 107.2ms | ActiveRecord: 0.0ms)


Started GET "/assets/application.self-e80e8f2318043e8af94dddc2adad5a4f09739a8ebb323b3ab31cd71d45fd9113.css?body=1" for ::1 at 2015-10-19 11:52:34 +0200


Started GET "/assets/homepage.self-b78eeb8153dd5d940685ba681b7405c625113da6aae82bc134d215178842964a.css?body=1" for ::1 at 2015-10-19 11:52:34 +0200


Started GET "/assets/jquery_ujs.self-d456baa54c1fa6be2ec3711f0a72ddf7a5b2f34a6b4f515f33767d6207b7d4b3.js?body=1" for ::1 at 2015-10-19 11:52:34 +0200


Started GET "/assets/homepage.self-877aef30ae1b040ab8a3aba4e3e309a11d7f2612f44dde450b5c157aa5f95c05.js?body=1" for ::1 at 2015-10-19 11:52:34 +0200


Started GET "/assets/turbolinks.self-c37727e9bd6b2735da5c311aa83fead54ed0be6cc8bd9a65309e9c5abe2cbfff.js?body=1" for ::1 at 2015-10-19 11:52:34 +0200


Started GET "/assets/jquery.self-a714331225dda820228db323939889f149aec0127aeb06255646b616ba1ca419.js?body=1" for ::1 at 2015-10-19 11:52:34 +0200


Started GET "/assets/application.self-3b8dabdc891efe46b9a144b400ad69e37d7e5876bdc39dee783419a69d7ca819.js?body=1" for ::1 at 2015-10-19 11:52:34 +0200


Started GET "/homepage/show" for ::1 at 2015-10-19 11:52:40 +0200
Processing by HomepageController#show as HTML
  Rendered homepage/show.html.erb within layouts/application (0.0ms)
Completed 200 OK in 106ms (Views: 105.9ms | ActiveRecord: 0.0ms)


Started GET "/assets/homepage.self-b178e870fe09d8d7f07f331b5a786811bc464fc8211a6e0bb99021b0b9071222.css?body=1" for ::1 at 2015-10-19 11:52:40 +0200


Started GET "/assets/application.self-e80e8f2318043e8af94dddc2adad5a4f09739a8ebb323b3ab31cd71d45fd9113.css?body=1" for ::1 at 2015-10-19 11:52:40 +0200


Started GET "/assets/jquery.self-a714331225dda820228db323939889f149aec0127aeb06255646b616ba1ca419.js?body=1" for ::1 at 2015-10-19 11:52:40 +0200


Started GET "/assets/turbolinks.self-c37727e9bd6b2735da5c311aa83fead54ed0be6cc8bd9a65309e9c5abe2cbfff.js?body=1" for ::1 at 2015-10-19 11:52:40 +0200


Started GET "/assets/jquery_ujs.self-d456baa54c1fa6be2ec3711f0a72ddf7a5b2f34a6b4f515f33767d6207b7d4b3.js?body=1" for ::1 at 2015-10-19 11:52:40 +0200


Started GET "/assets/homepage.self-877aef30ae1b040ab8a3aba4e3e309a11d7f2612f44dde450b5c157aa5f95c05.js?body=1" for ::1 at 2015-10-19 11:52:40 +0200


Started GET "/assets/application.self-3b8dabdc891efe46b9a144b400ad69e37d7e5876bdc39dee783419a69d7ca819.js?body=1" for ::1 at 2015-10-19 11:52:40 +0200


Started GET "/homepage/show" for ::1 at 2015-10-19 11:57:06 +0200
Processing by HomepageController#show as HTML
  Rendered homepage/show.html.erb within layouts/application (1.3ms)
Completed 200 OK in 128ms (Views: 127.6ms | ActiveRecord: 0.0ms)


Started GET "/assets/application.self-e80e8f2318043e8af94dddc2adad5a4f09739a8ebb323b3ab31cd71d45fd9113.css?body=1" for ::1 at 2015-10-19 11:57:06 +0200


Started GET "/assets/homepage.self-b178e870fe09d8d7f07f331b5a786811bc464fc8211a6e0bb99021b0b9071222.css?body=1" for ::1 at 2015-10-19 11:57:06 +0200


Started GET "/assets/turbolinks.self-c37727e9bd6b2735da5c311aa83fead54ed0be6cc8bd9a65309e9c5abe2cbfff.js?body=1" for ::1 at 2015-10-19 11:57:06 +0200


Started GET "/assets/jquery.self-a714331225dda820228db323939889f149aec0127aeb06255646b616ba1ca419.js?body=1" for ::1 at 2015-10-19 11:57:06 +0200


Started GET "/assets/jquery_ujs.self-d456baa54c1fa6be2ec3711f0a72ddf7a5b2f34a6b4f515f33767d6207b7d4b3.js?body=1" for ::1 at 2015-10-19 11:57:06 +0200


Started GET "/assets/application.self-3b8dabdc891efe46b9a144b400ad69e37d7e5876bdc39dee783419a69d7ca819.js?body=1" for ::1 at 2015-10-19 11:57:06 +0200


Started GET "/assets/homepage.self-877aef30ae1b040ab8a3aba4e3e309a11d7f2612f44dde450b5c157aa5f95c05.js?body=1" for ::1 at 2015-10-19 11:57:06 +0200


Started GET "/homepage/show" for ::1 at 2015-10-19 12:00:32 +0200
Processing by HomepageController#show as HTML
  Rendered homepage/show.html.erb within layouts/application (0.6ms)
Completed 200 OK in 39ms (Views: 38.4ms | ActiveRecord: 0.0ms)


Started GET "/assets/homepage.self-b178e870fe09d8d7f07f331b5a786811bc464fc8211a6e0bb99021b0b9071222.css?body=1" for ::1 at 2015-10-19 12:00:32 +0200


Started GET "/assets/application.self-e80e8f2318043e8af94dddc2adad5a4f09739a8ebb323b3ab31cd71d45fd9113.css?body=1" for ::1 at 2015-10-19 12:00:32 +0200


Started GET "/assets/jquery.self-a714331225dda820228db323939889f149aec0127aeb06255646b616ba1ca419.js?body=1" for ::1 at 2015-10-19 12:00:32 +0200


Started GET "/assets/application.self-3b8dabdc891efe46b9a144b400ad69e37d7e5876bdc39dee783419a69d7ca819.js?body=1" for ::1 at 2015-10-19 12:00:32 +0200


Started GET "/assets/jquery_ujs.self-d456baa54c1fa6be2ec3711f0a72ddf7a5b2f34a6b4f515f33767d6207b7d4b3.js?body=1" for ::1 at 2015-10-19 12:00:32 +0200


Started GET "/assets/homepage.self-877aef30ae1b040ab8a3aba4e3e309a11d7f2612f44dde450b5c157aa5f95c05.js?body=1" for ::1 at 2015-10-19 12:00:32 +0200


Started GET "/assets/turbolinks.self-c37727e9bd6b2735da5c311aa83fead54ed0be6cc8bd9a65309e9c5abe2cbfff.js?body=1" for ::1 at 2015-10-19 12:00:32 +0200


Started GET "/homepage/show" for ::1 at 2015-10-19 12:01:29 +0200
Processing by HomepageController#show as HTML
  Rendered homepage/show.html.erb within layouts/application (0.1ms)
Completed 200 OK in 186ms (Views: 185.1ms | ActiveRecord: 0.0ms)


Started GET "/assets/homepage.self-43b448b792f18ab55b322efeb75a601462225797c0df2b6e54e3a8ad565e3d61.css?body=1" for ::1 at 2015-10-19 12:01:29 +0200


Started GET "/assets/application.self-e80e8f2318043e8af94dddc2adad5a4f09739a8ebb323b3ab31cd71d45fd9113.css?body=1" for ::1 at 2015-10-19 12:01:29 +0200


Started GET "/assets/jquery.self-a714331225dda820228db323939889f149aec0127aeb06255646b616ba1ca419.js?body=1" for ::1 at 2015-10-19 12:01:29 +0200


Started GET "/assets/jquery_ujs.self-d456baa54c1fa6be2ec3711f0a72ddf7a5b2f34a6b4f515f33767d6207b7d4b3.js?body=1" for ::1 at 2015-10-19 12:01:29 +0200


Started GET "/assets/turbolinks.self-c37727e9bd6b2735da5c311aa83fead54ed0be6cc8bd9a65309e9c5abe2cbfff.js?body=1" for ::1 at 2015-10-19 12:01:29 +0200


Started GET "/assets/homepage.self-877aef30ae1b040ab8a3aba4e3e309a11d7f2612f44dde450b5c157aa5f95c05.js?body=1" for ::1 at 2015-10-19 12:01:29 +0200


Started GET "/assets/application.self-3b8dabdc891efe46b9a144b400ad69e37d7e5876bdc39dee783419a69d7ca819.js?body=1" for ::1 at 2015-10-19 12:01:29 +0200


Started GET "/homepage/show" for ::1 at 2015-10-19 12:01:51 +0200
Processing by HomepageController#show as HTML
  Rendered homepage/show.html.erb within layouts/application (0.1ms)
Completed 200 OK in 111ms (Views: 109.9ms | ActiveRecord: 0.0ms)


Started GET "/assets/homepage.self-591f8b52f9a0fa5c14d9c012c62aa8c418389141ad042dcc3d9256802c12c6c3.css?body=1" for ::1 at 2015-10-19 12:01:52 +0200


Started GET "/assets/application.self-e80e8f2318043e8af94dddc2adad5a4f09739a8ebb323b3ab31cd71d45fd9113.css?body=1" for ::1 at 2015-10-19 12:01:52 +0200


Started GET "/assets/jquery.self-a714331225dda820228db323939889f149aec0127aeb06255646b616ba1ca419.js?body=1" for ::1 at 2015-10-19 12:01:52 +0200


Started GET "/assets/turbolinks.self-c37727e9bd6b2735da5c311aa83fead54ed0be6cc8bd9a65309e9c5abe2cbfff.js?body=1" for ::1 at 2015-10-19 12:01:52 +0200


Started GET "/assets/jquery_ujs.self-d456baa54c1fa6be2ec3711f0a72ddf7a5b2f34a6b4f515f33767d6207b7d4b3.js?body=1" for ::1 at 2015-10-19 12:01:52 +0200


Started GET "/assets/homepage.self-877aef30ae1b040ab8a3aba4e3e309a11d7f2612f44dde450b5c157aa5f95c05.js?body=1" for ::1 at 2015-10-19 12:01:52 +0200


Started GET "/assets/application.self-3b8dabdc891efe46b9a144b400ad69e37d7e5876bdc39dee783419a69d7ca819.js?body=1" for ::1 at 2015-10-19 12:01:52 +0200


Started GET "/homepage/show" for ::1 at 2015-10-19 12:02:25 +0200
Processing by HomepageController#show as HTML
  Rendered homepage/show.html.erb within layouts/application (0.1ms)
Completed 200 OK in 107ms (Views: 106.2ms | ActiveRecord: 0.0ms)


Started GET "/assets/jquery.self-a714331225dda820228db323939889f149aec0127aeb06255646b616ba1ca419.js?body=1" for ::1 at 2015-10-19 12:02:26 +0200


Started GET "/assets/jquery_ujs.self-d456baa54c1fa6be2ec3711f0a72ddf7a5b2f34a6b4f515f33767d6207b7d4b3.js?body=1" for ::1 at 2015-10-19 12:02:26 +0200


Started GET "/assets/application.self-e80e8f2318043e8af94dddc2adad5a4f09739a8ebb323b3ab31cd71d45fd9113.css?body=1" for ::1 at 2015-10-19 12:02:26 +0200


Started GET "/assets/turbolinks.self-c37727e9bd6b2735da5c311aa83fead54ed0be6cc8bd9a65309e9c5abe2cbfff.js?body=1" for ::1 at 2015-10-19 12:02:26 +0200


Started GET "/assets/homepage.self-877aef30ae1b040ab8a3aba4e3e309a11d7f2612f44dde450b5c157aa5f95c05.js?body=1" for ::1 at 2015-10-19 12:02:26 +0200


Started GET "/assets/application.self-3b8dabdc891efe46b9a144b400ad69e37d7e5876bdc39dee783419a69d7ca819.js?body=1" for ::1 at 2015-10-19 12:02:26 +0200


Started GET "/assets/homepage.self-306358907e674d86022cb3414eda7eae2d6778a6477b68320cec006179abda5a.css?body=1" for ::1 at 2015-10-19 12:02:26 +0200


Started GET "/homepage/show" for ::1 at 2015-10-19 12:02:28 +0200
Processing by HomepageController#show as HTML
  Rendered homepage/show.html.erb within layouts/application (0.0ms)
Completed 200 OK in 42ms (Views: 41.2ms | ActiveRecord: 0.0ms)


Started GET "/assets/application.self-e80e8f2318043e8af94dddc2adad5a4f09739a8ebb323b3ab31cd71d45fd9113.css?body=1" for ::1 at 2015-10-19 12:02:28 +0200


Started GET "/assets/jquery_ujs.self-d456baa54c1fa6be2ec3711f0a72ddf7a5b2f34a6b4f515f33767d6207b7d4b3.js?body=1" for ::1 at 2015-10-19 12:02:28 +0200


Started GET "/assets/turbolinks.self-c37727e9bd6b2735da5c311aa83fead54ed0be6cc8bd9a65309e9c5abe2cbfff.js?body=1" for ::1 at 2015-10-19 12:02:28 +0200


Started GET "/assets/jquery.self-a714331225dda820228db323939889f149aec0127aeb06255646b616ba1ca419.js?body=1" for ::1 at 2015-10-19 12:02:28 +0200


Started GET "/assets/homepage.self-877aef30ae1b040ab8a3aba4e3e309a11d7f2612f44dde450b5c157aa5f95c05.js?body=1" for ::1 at 2015-10-19 12:02:28 +0200


Started GET "/assets/homepage.self-306358907e674d86022cb3414eda7eae2d6778a6477b68320cec006179abda5a.css?body=1" for ::1 at 2015-10-19 12:02:28 +0200


Started GET "/assets/application.self-3b8dabdc891efe46b9a144b400ad69e37d7e5876bdc39dee783419a69d7ca819.js?body=1" for ::1 at 2015-10-19 12:02:28 +0200


Started GET "/homepage/show" for ::1 at 2015-10-19 12:02:33 +0200
Processing by HomepageController#show as HTML
  Rendered homepage/show.html.erb within layouts/application (0.1ms)
Completed 200 OK in 58ms (Views: 57.5ms | ActiveRecord: 0.0ms)


Started GET "/assets/homepage.self-306358907e674d86022cb3414eda7eae2d6778a6477b68320cec006179abda5a.css?body=1" for ::1 at 2015-10-19 12:02:33 +0200


Started GET "/assets/homepage.self-877aef30ae1b040ab8a3aba4e3e309a11d7f2612f44dde450b5c157aa5f95c05.js?body=1" for ::1 at 2015-10-19 12:02:33 +0200


Started GET "/assets/application.self-e80e8f2318043e8af94dddc2adad5a4f09739a8ebb323b3ab31cd71d45fd9113.css?body=1" for ::1 at 2015-10-19 12:02:33 +0200


Started GET "/assets/jquery.self-a714331225dda820228db323939889f149aec0127aeb06255646b616ba1ca419.js?body=1" for ::1 at 2015-10-19 12:02:33 +0200


Started GET "/assets/application.self-3b8dabdc891efe46b9a144b400ad69e37d7e5876bdc39dee783419a69d7ca819.js?body=1" for ::1 at 2015-10-19 12:02:33 +0200


Started GET "/assets/turbolinks.self-c37727e9bd6b2735da5c311aa83fead54ed0be6cc8bd9a65309e9c5abe2cbfff.js?body=1" for ::1 at 2015-10-19 12:02:33 +0200


Started GET "/assets/jquery_ujs.self-d456baa54c1fa6be2ec3711f0a72ddf7a5b2f34a6b4f515f33767d6207b7d4b3.js?body=1" for ::1 at 2015-10-19 12:02:33 +0200


Started GET "/homepage/show" for ::1 at 2015-10-19 12:02:39 +0200
Processing by HomepageController#show as HTML
  Rendered homepage/show.html.erb within layouts/application (0.1ms)
Completed 200 OK in 114ms (Views: 113.4ms | ActiveRecord: 0.0ms)


Started GET "/assets/homepage.self-4a36908cb2889759508b2a28a8c0adfff2594fcfd7760a526f0e7a9fa36f91c1.css?body=1" for ::1 at 2015-10-19 12:02:39 +0200


Started GET "/assets/application.self-e80e8f2318043e8af94dddc2adad5a4f09739a8ebb323b3ab31cd71d45fd9113.css?body=1" for ::1 at 2015-10-19 12:02:39 +0200


Started GET "/assets/jquery.self-a714331225dda820228db323939889f149aec0127aeb06255646b616ba1ca419.js?body=1" for ::1 at 2015-10-19 12:02:39 +0200


Started GET "/assets/jquery_ujs.self-d456baa54c1fa6be2ec3711f0a72ddf7a5b2f34a6b4f515f33767d6207b7d4b3.js?body=1" for ::1 at 2015-10-19 12:02:39 +0200


Started GET "/assets/homepage.self-877aef30ae1b040ab8a3aba4e3e309a11d7f2612f44dde450b5c157aa5f95c05.js?body=1" for ::1 at 2015-10-19 12:02:40 +0200


Started GET "/assets/turbolinks.self-c37727e9bd6b2735da5c311aa83fead54ed0be6cc8bd9a65309e9c5abe2cbfff.js?body=1" for ::1 at 2015-10-19 12:02:40 +0200


Started GET "/assets/application.self-3b8dabdc891efe46b9a144b400ad69e37d7e5876bdc39dee783419a69d7ca819.js?body=1" for ::1 at 2015-10-19 12:02:40 +0200


Started GET "/homepage/show" for ::1 at 2015-10-19 12:02:49 +0200
Processing by HomepageController#show as HTML
  Rendered homepage/show.html.erb within layouts/application (0.1ms)
Completed 200 OK in 118ms (Views: 117.4ms | ActiveRecord: 0.0ms)


Started GET "/assets/homepage.self-f76b3d12e7b6b2143ae18651e40b5552fe668d3905c0cf69c04a5cc70cc50cda.css?body=1" for ::1 at 2015-10-19 12:02:49 +0200


Started GET "/assets/homepage.self-877aef30ae1b040ab8a3aba4e3e309a11d7f2612f44dde450b5c157aa5f95c05.js?body=1" for ::1 at 2015-10-19 12:02:49 +0200


Started GET "/assets/jquery.self-a714331225dda820228db323939889f149aec0127aeb06255646b616ba1ca419.js?body=1" for ::1 at 2015-10-19 12:02:49 +0200


Started GET "/assets/application.self-e80e8f2318043e8af94dddc2adad5a4f09739a8ebb323b3ab31cd71d45fd9113.css?body=1" for ::1 at 2015-10-19 12:02:49 +0200


Started GET "/assets/turbolinks.self-c37727e9bd6b2735da5c311aa83fead54ed0be6cc8bd9a65309e9c5abe2cbfff.js?body=1" for ::1 at 2015-10-19 12:02:49 +0200


Started GET "/assets/application.self-3b8dabdc891efe46b9a144b400ad69e37d7e5876bdc39dee783419a69d7ca819.js?body=1" for ::1 at 2015-10-19 12:02:49 +0200


Started GET "/assets/jquery_ujs.self-d456baa54c1fa6be2ec3711f0a72ddf7a5b2f34a6b4f515f33767d6207b7d4b3.js?body=1" for ::1 at 2015-10-19 12:02:49 +0200


Started GET "/homepage/show" for ::1 at 2015-10-19 12:02:52 +0200
Processing by HomepageController#show as HTML
  Rendered homepage/show.html.erb within layouts/application (0.1ms)
Completed 200 OK in 34ms (Views: 33.0ms | ActiveRecord: 0.0ms)


Started GET "/assets/homepage.self-f76b3d12e7b6b2143ae18651e40b5552fe668d3905c0cf69c04a5cc70cc50cda.css?body=1" for ::1 at 2015-10-19 12:02:52 +0200


Started GET "/assets/jquery_ujs.self-d456baa54c1fa6be2ec3711f0a72ddf7a5b2f34a6b4f515f33767d6207b7d4b3.js?body=1" for ::1 at 2015-10-19 12:02:52 +0200


Started GET "/assets/jquery.self-a714331225dda820228db323939889f149aec0127aeb06255646b616ba1ca419.js?body=1" for ::1 at 2015-10-19 12:02:52 +0200


Started GET "/assets/application.self-e80e8f2318043e8af94dddc2adad5a4f09739a8ebb323b3ab31cd71d45fd9113.css?body=1" for ::1 at 2015-10-19 12:02:52 +0200


Started GET "/assets/homepage.self-877aef30ae1b040ab8a3aba4e3e309a11d7f2612f44dde450b5c157aa5f95c05.js?body=1" for ::1 at 2015-10-19 12:02:52 +0200


Started GET "/assets/turbolinks.self-c37727e9bd6b2735da5c311aa83fead54ed0be6cc8bd9a65309e9c5abe2cbfff.js?body=1" for ::1 at 2015-10-19 12:02:52 +0200


Started GET "/assets/application.self-3b8dabdc891efe46b9a144b400ad69e37d7e5876bdc39dee783419a69d7ca819.js?body=1" for ::1 at 2015-10-19 12:02:52 +0200


Started GET "/homepage/show" for ::1 at 2015-10-19 12:10:02 +0200
Processing by HomepageController#show as HTML
  Rendered homepage/show.html.erb within layouts/application (0.2ms)
Completed 200 OK in 108ms (Views: 106.7ms | ActiveRecord: 0.0ms)


Started GET "/assets/jquery_ujs.self-d456baa54c1fa6be2ec3711f0a72ddf7a5b2f34a6b4f515f33767d6207b7d4b3.js?body=1" for ::1 at 2015-10-19 12:10:03 +0200


Started GET "/assets/application.self-e80e8f2318043e8af94dddc2adad5a4f09739a8ebb323b3ab31cd71d45fd9113.css?body=1" for ::1 at 2015-10-19 12:10:03 +0200


Started GET "/assets/homepage.self-994d6e063e823be861d842c731ce8b7e558339b321fc50b831f9782eb6a227e6.css?body=1" for ::1 at 2015-10-19 12:10:03 +0200


Started GET "/assets/jquery.self-a714331225dda820228db323939889f149aec0127aeb06255646b616ba1ca419.js?body=1" for ::1 at 2015-10-19 12:10:03 +0200


Started GET "/assets/turbolinks.self-c37727e9bd6b2735da5c311aa83fead54ed0be6cc8bd9a65309e9c5abe2cbfff.js?body=1" for ::1 at 2015-10-19 12:10:03 +0200


Started GET "/assets/application.self-3b8dabdc891efe46b9a144b400ad69e37d7e5876bdc39dee783419a69d7ca819.js?body=1" for ::1 at 2015-10-19 12:10:03 +0200


Started GET "/assets/homepage.self-877aef30ae1b040ab8a3aba4e3e309a11d7f2612f44dde450b5c157aa5f95c05.js?body=1" for ::1 at 2015-10-19 12:10:03 +0200


Started GET "/homepage/show" for ::1 at 2015-10-19 12:10:33 +0200
Processing by HomepageController#show as HTML
  Rendered homepage/show.html.erb within layouts/application (0.1ms)
Completed 200 OK in 99ms (Views: 98.0ms | ActiveRecord: 0.0ms)


Started GET "/assets/application.self-e80e8f2318043e8af94dddc2adad5a4f09739a8ebb323b3ab31cd71d45fd9113.css?body=1" for ::1 at 2015-10-19 12:10:33 +0200


Started GET "/assets/homepage.self-f163c4327e6701bfc8dddc6ca0638e2dd19e06255924a4a519fe7254d593bb14.css?body=1" for ::1 at 2015-10-19 12:10:33 +0200


Started GET "/assets/application.self-3b8dabdc891efe46b9a144b400ad69e37d7e5876bdc39dee783419a69d7ca819.js?body=1" for ::1 at 2015-10-19 12:10:33 +0200


Started GET "/assets/jquery.self-a714331225dda820228db323939889f149aec0127aeb06255646b616ba1ca419.js?body=1" for ::1 at 2015-10-19 12:10:33 +0200


Started GET "/assets/jquery_ujs.self-d456baa54c1fa6be2ec3711f0a72ddf7a5b2f34a6b4f515f33767d6207b7d4b3.js?body=1" for ::1 at 2015-10-19 12:10:33 +0200


Started GET "/assets/turbolinks.self-c37727e9bd6b2735da5c311aa83fead54ed0be6cc8bd9a65309e9c5abe2cbfff.js?body=1" for ::1 at 2015-10-19 12:10:33 +0200


Started GET "/assets/homepage.self-877aef30ae1b040ab8a3aba4e3e309a11d7f2612f44dde450b5c157aa5f95c05.js?body=1" for ::1 at 2015-10-19 12:10:33 +0200


Started GET "/homepage/show" for ::1 at 2015-10-19 12:10:52 +0200
Processing by HomepageController#show as HTML
  Rendered homepage/show.html.erb within layouts/application (0.1ms)
Completed 200 OK in 41ms (Views: 40.1ms | ActiveRecord: 0.0ms)


Started GET "/assets/application.self-e80e8f2318043e8af94dddc2adad5a4f09739a8ebb323b3ab31cd71d45fd9113.css?body=1" for ::1 at 2015-10-19 12:10:52 +0200


Started GET "/assets/homepage.self-994d6e063e823be861d842c731ce8b7e558339b321fc50b831f9782eb6a227e6.css?body=1" for ::1 at 2015-10-19 12:10:52 +0200


Started GET "/assets/turbolinks.self-c37727e9bd6b2735da5c311aa83fead54ed0be6cc8bd9a65309e9c5abe2cbfff.js?body=1" for ::1 at 2015-10-19 12:10:52 +0200


Started GET "/assets/jquery.self-a714331225dda820228db323939889f149aec0127aeb06255646b616ba1ca419.js?body=1" for ::1 at 2015-10-19 12:10:52 +0200


Started GET "/assets/jquery_ujs.self-d456baa54c1fa6be2ec3711f0a72ddf7a5b2f34a6b4f515f33767d6207b7d4b3.js?body=1" for ::1 at 2015-10-19 12:10:52 +0200


Started GET "/assets/homepage.self-877aef30ae1b040ab8a3aba4e3e309a11d7f2612f44dde450b5c157aa5f95c05.js?body=1" for ::1 at 2015-10-19 12:10:52 +0200


Started GET "/assets/application.self-3b8dabdc891efe46b9a144b400ad69e37d7e5876bdc39dee783419a69d7ca819.js?body=1" for ::1 at 2015-10-19 12:10:52 +0200


Started GET "/homepage/show" for ::1 at 2015-10-19 12:11:05 +0200
Processing by HomepageController#show as HTML
  Rendered homepage/show.html.erb within layouts/application (0.1ms)
Completed 200 OK in 111ms (Views: 110.3ms | ActiveRecord: 0.0ms)


Started GET "/assets/application.self-e80e8f2318043e8af94dddc2adad5a4f09739a8ebb323b3ab31cd71d45fd9113.css?body=1" for ::1 at 2015-10-19 12:11:05 +0200


Started GET "/assets/homepage.self-148078dab6b40c7e4d9b73846a3ce10c0623f7b0d5b515cc4ea2ba6ce537e6cf.css?body=1" for ::1 at 2015-10-19 12:11:05 +0200


Started GET "/assets/jquery.self-a714331225dda820228db323939889f149aec0127aeb06255646b616ba1ca419.js?body=1" for ::1 at 2015-10-19 12:11:05 +0200


Started GET "/assets/jquery_ujs.self-d456baa54c1fa6be2ec3711f0a72ddf7a5b2f34a6b4f515f33767d6207b7d4b3.js?body=1" for ::1 at 2015-10-19 12:11:05 +0200


Started GET "/assets/turbolinks.self-c37727e9bd6b2735da5c311aa83fead54ed0be6cc8bd9a65309e9c5abe2cbfff.js?body=1" for ::1 at 2015-10-19 12:11:05 +0200


Started GET "/assets/application.self-3b8dabdc891efe46b9a144b400ad69e37d7e5876bdc39dee783419a69d7ca819.js?body=1" for ::1 at 2015-10-19 12:11:05 +0200


Started GET "/assets/homepage.self-877aef30ae1b040ab8a3aba4e3e309a11d7f2612f44dde450b5c157aa5f95c05.js?body=1" for ::1 at 2015-10-19 12:11:05 +0200


Started GET "/homepage/show" for ::1 at 2015-10-19 12:14:37 +0200
Processing by HomepageController#show as HTML
  Rendered homepage/show.html.erb within layouts/application (0.1ms)
Completed 200 OK in 37ms (Views: 36.7ms | ActiveRecord: 0.0ms)


Started GET "/assets/homepage.self-148078dab6b40c7e4d9b73846a3ce10c0623f7b0d5b515cc4ea2ba6ce537e6cf.css?body=1" for ::1 at 2015-10-19 12:14:37 +0200


Started GET "/assets/application.self-e80e8f2318043e8af94dddc2adad5a4f09739a8ebb323b3ab31cd71d45fd9113.css?body=1" for ::1 at 2015-10-19 12:14:37 +0200


Started GET "/assets/jquery.self-a714331225dda820228db323939889f149aec0127aeb06255646b616ba1ca419.js?body=1" for ::1 at 2015-10-19 12:14:37 +0200


Started GET "/assets/turbolinks.self-c37727e9bd6b2735da5c311aa83fead54ed0be6cc8bd9a65309e9c5abe2cbfff.js?body=1" for ::1 at 2015-10-19 12:14:37 +0200


Started GET "/assets/jquery_ujs.self-d456baa54c1fa6be2ec3711f0a72ddf7a5b2f34a6b4f515f33767d6207b7d4b3.js?body=1" for ::1 at 2015-10-19 12:14:37 +0200


Started GET "/assets/homepage.self-877aef30ae1b040ab8a3aba4e3e309a11d7f2612f44dde450b5c157aa5f95c05.js?body=1" for ::1 at 2015-10-19 12:14:37 +0200


Started GET "/assets/application.self-3b8dabdc891efe46b9a144b400ad69e37d7e5876bdc39dee783419a69d7ca819.js?body=1" for ::1 at 2015-10-19 12:14:37 +0200


Started GET "/homepage/show" for ::1 at 2015-10-19 12:15:54 +0200
Processing by HomepageController#show as HTML
  Rendered homepage/show.html.erb within layouts/application (0.1ms)
Completed 200 OK in 113ms (Views: 112.3ms | ActiveRecord: 0.0ms)


Started GET "/assets/application.self-e80e8f2318043e8af94dddc2adad5a4f09739a8ebb323b3ab31cd71d45fd9113.css?body=1" for ::1 at 2015-10-19 12:15:54 +0200


Started GET "/assets/homepage.self-b764ccb95b5befc02c45d9bf979c6ddfa271c05d09e6d571c2714b194263b59b.css?body=1" for ::1 at 2015-10-19 12:15:54 +0200


Started GET "/assets/jquery.self-a714331225dda820228db323939889f149aec0127aeb06255646b616ba1ca419.js?body=1" for ::1 at 2015-10-19 12:15:54 +0200


Started GET "/assets/application.self-3b8dabdc891efe46b9a144b400ad69e37d7e5876bdc39dee783419a69d7ca819.js?body=1" for ::1 at 2015-10-19 12:15:54 +0200


Started GET "/assets/jquery_ujs.self-d456baa54c1fa6be2ec3711f0a72ddf7a5b2f34a6b4f515f33767d6207b7d4b3.js?body=1" for ::1 at 2015-10-19 12:15:54 +0200


Started GET "/assets/turbolinks.self-c37727e9bd6b2735da5c311aa83fead54ed0be6cc8bd9a65309e9c5abe2cbfff.js?body=1" for ::1 at 2015-10-19 12:15:54 +0200


Started GET "/assets/homepage.self-877aef30ae1b040ab8a3aba4e3e309a11d7f2612f44dde450b5c157aa5f95c05.js?body=1" for ::1 at 2015-10-19 12:15:54 +0200


Started GET "/homepage/show" for ::1 at 2015-10-19 12:16:05 +0200
Processing by HomepageController#show as HTML
  Rendered homepage/show.html.erb within layouts/application (0.1ms)
Completed 200 OK in 113ms (Views: 111.8ms | ActiveRecord: 0.0ms)


Started GET "/assets/homepage.self-4ea6c5bd1c11b1e1403a00ee6f5d316d80ef0fd5f51760d89e431672c8a49144.css?body=1" for ::1 at 2015-10-19 12:16:05 +0200


Started GET "/assets/application.self-e80e8f2318043e8af94dddc2adad5a4f09739a8ebb323b3ab31cd71d45fd9113.css?body=1" for ::1 at 2015-10-19 12:16:05 +0200


Started GET "/assets/jquery.self-a714331225dda820228db323939889f149aec0127aeb06255646b616ba1ca419.js?body=1" for ::1 at 2015-10-19 12:16:05 +0200


Started GET "/assets/homepage.self-877aef30ae1b040ab8a3aba4e3e309a11d7f2612f44dde450b5c157aa5f95c05.js?body=1" for ::1 at 2015-10-19 12:16:05 +0200


Started GET "/assets/turbolinks.self-c37727e9bd6b2735da5c311aa83fead54ed0be6cc8bd9a65309e9c5abe2cbfff.js?body=1" for ::1 at 2015-10-19 12:16:05 +0200


Started GET "/assets/jquery_ujs.self-d456baa54c1fa6be2ec3711f0a72ddf7a5b2f34a6b4f515f33767d6207b7d4b3.js?body=1" for ::1 at 2015-10-19 12:16:05 +0200


Started GET "/assets/application.self-3b8dabdc891efe46b9a144b400ad69e37d7e5876bdc39dee783419a69d7ca819.js?body=1" for ::1 at 2015-10-19 12:16:05 +0200


Started GET "/homepage/show" for ::1 at 2015-10-19 12:16:12 +0200
Processing by HomepageController#show as HTML
  Rendered homepage/show.html.erb within layouts/application (0.1ms)
Completed 200 OK in 112ms (Views: 111.1ms | ActiveRecord: 0.0ms)


Started GET "/assets/homepage.self-e0918eab832c5f9fdce750b76da7cf57313d0d1bdf3939e2f345b7f662bd7446.css?body=1" for ::1 at 2015-10-19 12:16:12 +0200


Started GET "/assets/application.self-e80e8f2318043e8af94dddc2adad5a4f09739a8ebb323b3ab31cd71d45fd9113.css?body=1" for ::1 at 2015-10-19 12:16:12 +0200


Started GET "/assets/jquery.self-a714331225dda820228db323939889f149aec0127aeb06255646b616ba1ca419.js?body=1" for ::1 at 2015-10-19 12:16:12 +0200


Started GET "/assets/jquery_ujs.self-d456baa54c1fa6be2ec3711f0a72ddf7a5b2f34a6b4f515f33767d6207b7d4b3.js?body=1" for ::1 at 2015-10-19 12:16:12 +0200


Started GET "/assets/turbolinks.self-c37727e9bd6b2735da5c311aa83fead54ed0be6cc8bd9a65309e9c5abe2cbfff.js?body=1" for ::1 at 2015-10-19 12:16:12 +0200


Started GET "/assets/homepage.self-877aef30ae1b040ab8a3aba4e3e309a11d7f2612f44dde450b5c157aa5f95c05.js?body=1" for ::1 at 2015-10-19 12:16:12 +0200


Started GET "/assets/application.self-3b8dabdc891efe46b9a144b400ad69e37d7e5876bdc39dee783419a69d7ca819.js?body=1" for ::1 at 2015-10-19 12:16:12 +0200


Started GET "/homepage/show" for ::1 at 2015-10-19 12:16:19 +0200
Processing by HomepageController#show as HTML
  Rendered homepage/show.html.erb within layouts/application (0.1ms)
Completed 200 OK in 107ms (Views: 106.3ms | ActiveRecord: 0.0ms)


Started GET "/assets/application.self-e80e8f2318043e8af94dddc2adad5a4f09739a8ebb323b3ab31cd71d45fd9113.css?body=1" for ::1 at 2015-10-19 12:16:20 +0200


Started GET "/assets/homepage.self-b38a168b90d2bb3772b6a0e1f677e23a840d2c014f9cec5c454a7119e1f6b8c8.css?body=1" for ::1 at 2015-10-19 12:16:20 +0200


Started GET "/assets/jquery_ujs.self-d456baa54c1fa6be2ec3711f0a72ddf7a5b2f34a6b4f515f33767d6207b7d4b3.js?body=1" for ::1 at 2015-10-19 12:16:20 +0200


Started GET "/assets/homepage.self-877aef30ae1b040ab8a3aba4e3e309a11d7f2612f44dde450b5c157aa5f95c05.js?body=1" for ::1 at 2015-10-19 12:16:20 +0200


Started GET "/assets/turbolinks.self-c37727e9bd6b2735da5c311aa83fead54ed0be6cc8bd9a65309e9c5abe2cbfff.js?body=1" for ::1 at 2015-10-19 12:16:20 +0200


Started GET "/assets/application.self-3b8dabdc891efe46b9a144b400ad69e37d7e5876bdc39dee783419a69d7ca819.js?body=1" for ::1 at 2015-10-19 12:16:20 +0200


Started GET "/assets/jquery.self-a714331225dda820228db323939889f149aec0127aeb06255646b616ba1ca419.js?body=1" for ::1 at 2015-10-19 12:16:20 +0200


Started GET "/homepage/show" for ::1 at 2015-10-19 12:19:04 +0200
Processing by HomepageController#show as HTML
  Rendered homepage/show.html.erb within layouts/application (0.4ms)
Completed 200 OK in 38ms (Views: 37.2ms | ActiveRecord: 0.0ms)


Started GET "/assets/homepage.self-b38a168b90d2bb3772b6a0e1f677e23a840d2c014f9cec5c454a7119e1f6b8c8.css?body=1" for ::1 at 2015-10-19 12:19:04 +0200


Started GET "/assets/application.self-e80e8f2318043e8af94dddc2adad5a4f09739a8ebb323b3ab31cd71d45fd9113.css?body=1" for ::1 at 2015-10-19 12:19:04 +0200


Started GET "/assets/application.self-3b8dabdc891efe46b9a144b400ad69e37d7e5876bdc39dee783419a69d7ca819.js?body=1" for ::1 at 2015-10-19 12:19:04 +0200


Started GET "/assets/jquery_ujs.self-d456baa54c1fa6be2ec3711f0a72ddf7a5b2f34a6b4f515f33767d6207b7d4b3.js?body=1" for ::1 at 2015-10-19 12:19:04 +0200


Started GET "/assets/jquery.self-a714331225dda820228db323939889f149aec0127aeb06255646b616ba1ca419.js?body=1" for ::1 at 2015-10-19 12:19:04 +0200


Started GET "/assets/turbolinks.self-c37727e9bd6b2735da5c311aa83fead54ed0be6cc8bd9a65309e9c5abe2cbfff.js?body=1" for ::1 at 2015-10-19 12:19:04 +0200


Started GET "/assets/homepage.self-877aef30ae1b040ab8a3aba4e3e309a11d7f2612f44dde450b5c157aa5f95c05.js?body=1" for ::1 at 2015-10-19 12:19:04 +0200


Started GET "/homepage/show" for ::1 at 2015-10-19 12:19:22 +0200
Processing by HomepageController#show as HTML
  Rendered homepage/show.html.erb within layouts/application (0.5ms)
Completed 200 OK in 38ms (Views: 37.1ms | ActiveRecord: 0.0ms)


Started GET "/assets/application.self-e80e8f2318043e8af94dddc2adad5a4f09739a8ebb323b3ab31cd71d45fd9113.css?body=1" for ::1 at 2015-10-19 12:19:22 +0200


Started GET "/assets/homepage.self-b38a168b90d2bb3772b6a0e1f677e23a840d2c014f9cec5c454a7119e1f6b8c8.css?body=1" for ::1 at 2015-10-19 12:19:22 +0200


Started GET "/assets/jquery.self-a714331225dda820228db323939889f149aec0127aeb06255646b616ba1ca419.js?body=1" for ::1 at 2015-10-19 12:19:22 +0200


Started GET "/assets/homepage.self-877aef30ae1b040ab8a3aba4e3e309a11d7f2612f44dde450b5c157aa5f95c05.js?body=1" for ::1 at 2015-10-19 12:19:22 +0200


Started GET "/assets/jquery_ujs.self-d456baa54c1fa6be2ec3711f0a72ddf7a5b2f34a6b4f515f33767d6207b7d4b3.js?body=1" for ::1 at 2015-10-19 12:19:22 +0200


Started GET "/assets/turbolinks.self-c37727e9bd6b2735da5c311aa83fead54ed0be6cc8bd9a65309e9c5abe2cbfff.js?body=1" for ::1 at 2015-10-19 12:19:22 +0200


Started GET "/assets/application.self-3b8dabdc891efe46b9a144b400ad69e37d7e5876bdc39dee783419a69d7ca819.js?body=1" for ::1 at 2015-10-19 12:19:22 +0200


Started GET "/homepage/show" for ::1 at 2015-10-19 12:21:06 +0200
Processing by HomepageController#show as HTML
  Rendered homepage/show.html.erb within layouts/application (0.0ms)
Completed 200 OK in 234ms (Views: 233.7ms | ActiveRecord: 0.0ms)


Started GET "/assets/application.self-e80e8f2318043e8af94dddc2adad5a4f09739a8ebb323b3ab31cd71d45fd9113.css?body=1" for ::1 at 2015-10-19 12:21:06 +0200


Started GET "/assets/homepage.self-dfba86c6b0eae5bce4b221111cdba39ceb6f5759de65bd6e6819470bb2a3f6a8.css?body=1" for ::1 at 2015-10-19 12:21:06 +0200


Started GET "/assets/application.self-3b8dabdc891efe46b9a144b400ad69e37d7e5876bdc39dee783419a69d7ca819.js?body=1" for ::1 at 2015-10-19 12:21:06 +0200


Started GET "/assets/jquery.self-a714331225dda820228db323939889f149aec0127aeb06255646b616ba1ca419.js?body=1" for ::1 at 2015-10-19 12:21:06 +0200


Started GET "/assets/jquery_ujs.self-d456baa54c1fa6be2ec3711f0a72ddf7a5b2f34a6b4f515f33767d6207b7d4b3.js?body=1" for ::1 at 2015-10-19 12:21:06 +0200


Started GET "/assets/turbolinks.self-c37727e9bd6b2735da5c311aa83fead54ed0be6cc8bd9a65309e9c5abe2cbfff.js?body=1" for ::1 at 2015-10-19 12:21:06 +0200


Started GET "/assets/homepage.self-877aef30ae1b040ab8a3aba4e3e309a11d7f2612f44dde450b5c157aa5f95c05.js?body=1" for ::1 at 2015-10-19 12:21:06 +0200


Started GET "/homepage/show" for ::1 at 2015-10-19 12:22:28 +0200
Processing by HomepageController#show as HTML
  Rendered homepage/show.html.erb within layouts/application (0.0ms)
Completed 200 OK in 101ms (Views: 100.4ms | ActiveRecord: 0.0ms)


Started GET "/assets/homepage.self-1dc5b651cf841d153a5bac61436db21e9a1d0ad8f4c1639df4f13c18273c24a9.css?body=1" for ::1 at 2015-10-19 12:22:28 +0200


Started GET "/assets/application.self-e80e8f2318043e8af94dddc2adad5a4f09739a8ebb323b3ab31cd71d45fd9113.css?body=1" for ::1 at 2015-10-19 12:22:28 +0200


Started GET "/assets/jquery.self-a714331225dda820228db323939889f149aec0127aeb06255646b616ba1ca419.js?body=1" for ::1 at 2015-10-19 12:22:28 +0200


Started GET "/assets/jquery_ujs.self-d456baa54c1fa6be2ec3711f0a72ddf7a5b2f34a6b4f515f33767d6207b7d4b3.js?body=1" for ::1 at 2015-10-19 12:22:28 +0200


Started GET "/assets/turbolinks.self-c37727e9bd6b2735da5c311aa83fead54ed0be6cc8bd9a65309e9c5abe2cbfff.js?body=1" for ::1 at 2015-10-19 12:22:28 +0200


Started GET "/assets/homepage.self-877aef30ae1b040ab8a3aba4e3e309a11d7f2612f44dde450b5c157aa5f95c05.js?body=1" for ::1 at 2015-10-19 12:22:28 +0200


Started GET "/assets/application.self-3b8dabdc891efe46b9a144b400ad69e37d7e5876bdc39dee783419a69d7ca819.js?body=1" for ::1 at 2015-10-19 12:22:28 +0200


Started GET "/homepage/show" for ::1 at 2015-10-19 12:22:47 +0200
Processing by HomepageController#show as HTML
  Rendered homepage/show.html.erb within layouts/application (0.1ms)
Completed 200 OK in 108ms (Views: 107.7ms | ActiveRecord: 0.0ms)


Started GET "/assets/application.self-e80e8f2318043e8af94dddc2adad5a4f09739a8ebb323b3ab31cd71d45fd9113.css?body=1" for ::1 at 2015-10-19 12:22:48 +0200


Started GET "/assets/homepage.self-0871b5af9803c7dddee2350801d98d47867ff97dca7b23da5e99604d850079cc.css?body=1" for ::1 at 2015-10-19 12:22:48 +0200


Started GET "/assets/jquery.self-a714331225dda820228db323939889f149aec0127aeb06255646b616ba1ca419.js?body=1" for ::1 at 2015-10-19 12:22:48 +0200


Started GET "/assets/turbolinks.self-c37727e9bd6b2735da5c311aa83fead54ed0be6cc8bd9a65309e9c5abe2cbfff.js?body=1" for ::1 at 2015-10-19 12:22:48 +0200


Started GET "/assets/jquery_ujs.self-d456baa54c1fa6be2ec3711f0a72ddf7a5b2f34a6b4f515f33767d6207b7d4b3.js?body=1" for ::1 at 2015-10-19 12:22:48 +0200


Started GET "/assets/homepage.self-877aef30ae1b040ab8a3aba4e3e309a11d7f2612f44dde450b5c157aa5f95c05.js?body=1" for ::1 at 2015-10-19 12:22:48 +0200


Started GET "/assets/application.self-3b8dabdc891efe46b9a144b400ad69e37d7e5876bdc39dee783419a69d7ca819.js?body=1" for ::1 at 2015-10-19 12:22:48 +0200


Started GET "/homepage/show" for ::1 at 2015-10-19 12:22:57 +0200
Processing by HomepageController#show as HTML
  Rendered homepage/show.html.erb within layouts/application (0.1ms)
Completed 200 OK in 101ms (Views: 100.3ms | ActiveRecord: 0.0ms)


Started GET "/assets/application.self-e80e8f2318043e8af94dddc2adad5a4f09739a8ebb323b3ab31cd71d45fd9113.css?body=1" for ::1 at 2015-10-19 12:22:57 +0200


Started GET "/assets/homepage.self-f5a5eefc3411fe8f6973784dd43a92cce02d1525b841693d6285fa2554c8cae9.css?body=1" for ::1 at 2015-10-19 12:22:57 +0200


Started GET "/assets/jquery.self-a714331225dda820228db323939889f149aec0127aeb06255646b616ba1ca419.js?body=1" for ::1 at 2015-10-19 12:22:57 +0200


Started GET "/assets/jquery_ujs.self-d456baa54c1fa6be2ec3711f0a72ddf7a5b2f34a6b4f515f33767d6207b7d4b3.js?body=1" for ::1 at 2015-10-19 12:22:57 +0200


Started GET "/assets/turbolinks.self-c37727e9bd6b2735da5c311aa83fead54ed0be6cc8bd9a65309e9c5abe2cbfff.js?body=1" for ::1 at 2015-10-19 12:22:57 +0200


Started GET "/assets/homepage.self-877aef30ae1b040ab8a3aba4e3e309a11d7f2612f44dde450b5c157aa5f95c05.js?body=1" for ::1 at 2015-10-19 12:22:57 +0200


Started GET "/assets/application.self-3b8dabdc891efe46b9a144b400ad69e37d7e5876bdc39dee783419a69d7ca819.js?body=1" for ::1 at 2015-10-19 12:22:57 +0200


Started GET "/homepage/show" for ::1 at 2015-10-19 12:23:06 +0200
Processing by HomepageController#show as HTML
  Rendered homepage/show.html.erb within layouts/application (0.1ms)
Completed 200 OK in 118ms (Views: 117.3ms | ActiveRecord: 0.0ms)


Started GET "/assets/application.self-e80e8f2318043e8af94dddc2adad5a4f09739a8ebb323b3ab31cd71d45fd9113.css?body=1" for ::1 at 2015-10-19 12:23:06 +0200


Started GET "/assets/homepage.self-05014f15ee096e24e9cdf38faeac6fc24ec61141688c4b56802fdc0c00da4ce3.css?body=1" for ::1 at 2015-10-19 12:23:06 +0200


Started GET "/assets/turbolinks.self-c37727e9bd6b2735da5c311aa83fead54ed0be6cc8bd9a65309e9c5abe2cbfff.js?body=1" for ::1 at 2015-10-19 12:23:06 +0200


Started GET "/assets/homepage.self-877aef30ae1b040ab8a3aba4e3e309a11d7f2612f44dde450b5c157aa5f95c05.js?body=1" for ::1 at 2015-10-19 12:23:06 +0200


Started GET "/assets/jquery.self-a714331225dda820228db323939889f149aec0127aeb06255646b616ba1ca419.js?body=1" for ::1 at 2015-10-19 12:23:06 +0200


Started GET "/assets/application.self-3b8dabdc891efe46b9a144b400ad69e37d7e5876bdc39dee783419a69d7ca819.js?body=1" for ::1 at 2015-10-19 12:23:06 +0200


Started GET "/assets/jquery_ujs.self-d456baa54c1fa6be2ec3711f0a72ddf7a5b2f34a6b4f515f33767d6207b7d4b3.js?body=1" for ::1 at 2015-10-19 12:23:06 +0200


Started GET "/homepage/show" for ::1 at 2015-10-19 12:46:49 +0200
Processing by HomepageController#show as HTML
  Rendered homepage/show.html.erb within layouts/application (0.1ms)
Completed 200 OK in 345ms (Views: 344.5ms | ActiveRecord: 0.0ms)


Started GET "/assets/application.self-e80e8f2318043e8af94dddc2adad5a4f09739a8ebb323b3ab31cd71d45fd9113.css?body=1" for ::1 at 2015-10-19 12:46:50 +0200


Started GET "/assets/homepage.self-b996661e5f8d9684e1822cdfd65969f005cedf7292b4844f3d66ac03215fba1a.css?body=1" for ::1 at 2015-10-19 12:46:50 +0200


Started GET "/assets/turbolinks.self-c37727e9bd6b2735da5c311aa83fead54ed0be6cc8bd9a65309e9c5abe2cbfff.js?body=1" for ::1 at 2015-10-19 12:46:50 +0200


Started GET "/assets/jquery.self-a714331225dda820228db323939889f149aec0127aeb06255646b616ba1ca419.js?body=1" for ::1 at 2015-10-19 12:46:50 +0200


Started GET "/assets/jquery_ujs.self-d456baa54c1fa6be2ec3711f0a72ddf7a5b2f34a6b4f515f33767d6207b7d4b3.js?body=1" for ::1 at 2015-10-19 12:46:50 +0200


Started GET "/assets/homepage.self-877aef30ae1b040ab8a3aba4e3e309a11d7f2612f44dde450b5c157aa5f95c05.js?body=1" for ::1 at 2015-10-19 12:46:50 +0200


Started GET "/assets/application.self-3b8dabdc891efe46b9a144b400ad69e37d7e5876bdc39dee783419a69d7ca819.js?body=1" for ::1 at 2015-10-19 12:46:50 +0200


Started GET "/homepage/show" for ::1 at 2015-10-19 12:47:22 +0200
Processing by HomepageController#show as HTML
  Rendered homepage/show.html.erb within layouts/application (0.1ms)
Completed 200 OK in 116ms (Views: 115.5ms | ActiveRecord: 0.0ms)


Started GET "/assets/homepage.self-af9116c6bdcba03bef191f147066d5f013ed965d3628e64849e927f402180bad.css?body=1" for ::1 at 2015-10-19 12:47:22 +0200


Started GET "/assets/application.self-e80e8f2318043e8af94dddc2adad5a4f09739a8ebb323b3ab31cd71d45fd9113.css?body=1" for ::1 at 2015-10-19 12:47:22 +0200


Started GET "/assets/jquery.self-a714331225dda820228db323939889f149aec0127aeb06255646b616ba1ca419.js?body=1" for ::1 at 2015-10-19 12:47:22 +0200


Started GET "/assets/jquery_ujs.self-d456baa54c1fa6be2ec3711f0a72ddf7a5b2f34a6b4f515f33767d6207b7d4b3.js?body=1" for ::1 at 2015-10-19 12:47:22 +0200


Started GET "/assets/turbolinks.self-c37727e9bd6b2735da5c311aa83fead54ed0be6cc8bd9a65309e9c5abe2cbfff.js?body=1" for ::1 at 2015-10-19 12:47:22 +0200


Started GET "/assets/homepage.self-877aef30ae1b040ab8a3aba4e3e309a11d7f2612f44dde450b5c157aa5f95c05.js?body=1" for ::1 at 2015-10-19 12:47:22 +0200


Started GET "/assets/application.self-3b8dabdc891efe46b9a144b400ad69e37d7e5876bdc39dee783419a69d7ca819.js?body=1" for ::1 at 2015-10-19 12:47:22 +0200


Started GET "/homepage/show" for ::1 at 2015-10-19 12:48:47 +0200
Processing by HomepageController#show as HTML
  Rendered homepage/show.html.erb within layouts/application (0.1ms)
Completed 200 OK in 288ms (Views: 287.3ms | ActiveRecord: 0.0ms)


Started GET "/assets/application.self-e80e8f2318043e8af94dddc2adad5a4f09739a8ebb323b3ab31cd71d45fd9113.css?body=1" for ::1 at 2015-10-19 12:48:47 +0200


Started GET "/assets/homepage.self-6b0d799360988ac345a388b061b1c7edc13a38f30948e27c34160fb53ee66ce2.css?body=1" for ::1 at 2015-10-19 12:48:47 +0200


Started GET "/assets/application.self-3b8dabdc891efe46b9a144b400ad69e37d7e5876bdc39dee783419a69d7ca819.js?body=1" for ::1 at 2015-10-19 12:48:47 +0200


Started GET "/assets/jquery.self-a714331225dda820228db323939889f149aec0127aeb06255646b616ba1ca419.js?body=1" for ::1 at 2015-10-19 12:48:47 +0200


Started GET "/assets/jquery_ujs.self-d456baa54c1fa6be2ec3711f0a72ddf7a5b2f34a6b4f515f33767d6207b7d4b3.js?body=1" for ::1 at 2015-10-19 12:48:47 +0200


Started GET "/assets/turbolinks.self-c37727e9bd6b2735da5c311aa83fead54ed0be6cc8bd9a65309e9c5abe2cbfff.js?body=1" for ::1 at 2015-10-19 12:48:47 +0200


Started GET "/assets/homepage.self-877aef30ae1b040ab8a3aba4e3e309a11d7f2612f44dde450b5c157aa5f95c05.js?body=1" for ::1 at 2015-10-19 12:48:47 +0200


Started GET "/homepage/show" for ::1 at 2015-10-19 12:49:28 +0200
Processing by HomepageController#show as HTML
  Rendered homepage/show.html.erb within layouts/application (0.1ms)
Completed 200 OK in 117ms (Views: 116.9ms | ActiveRecord: 0.0ms)


Started GET "/assets/homepage.self-a75b7317539156a6c41b12687f4872aadbc385f77b865f7b3ea4bfb7ef56652c.css?body=1" for ::1 at 2015-10-19 12:49:28 +0200


Started GET "/assets/jquery.self-a714331225dda820228db323939889f149aec0127aeb06255646b616ba1ca419.js?body=1" for ::1 at 2015-10-19 12:49:28 +0200


Started GET "/assets/application.self-3b8dabdc891efe46b9a144b400ad69e37d7e5876bdc39dee783419a69d7ca819.js?body=1" for ::1 at 2015-10-19 12:49:28 +0200


Started GET "/assets/homepage.self-877aef30ae1b040ab8a3aba4e3e309a11d7f2612f44dde450b5c157aa5f95c05.js?body=1" for ::1 at 2015-10-19 12:49:28 +0200


Started GET "/assets/jquery_ujs.self-d456baa54c1fa6be2ec3711f0a72ddf7a5b2f34a6b4f515f33767d6207b7d4b3.js?body=1" for ::1 at 2015-10-19 12:49:28 +0200


Started GET "/assets/turbolinks.self-c37727e9bd6b2735da5c311aa83fead54ed0be6cc8bd9a65309e9c5abe2cbfff.js?body=1" for ::1 at 2015-10-19 12:49:28 +0200


Started GET "/assets/application.self-e80e8f2318043e8af94dddc2adad5a4f09739a8ebb323b3ab31cd71d45fd9113.css?body=1" for ::1 at 2015-10-19 12:49:28 +0200


Started GET "/homepage/show" for ::1 at 2015-10-19 12:50:19 +0200
Processing by HomepageController#show as HTML
  Rendered homepage/show.html.erb within layouts/application (0.1ms)
Completed 200 OK in 103ms (Views: 102.9ms | ActiveRecord: 0.0ms)


Started GET "/assets/application.self-e80e8f2318043e8af94dddc2adad5a4f09739a8ebb323b3ab31cd71d45fd9113.css?body=1" for ::1 at 2015-10-19 12:50:19 +0200


Started GET "/assets/homepage.self-f36af89025d58d50e4a26539ce0fb3fc5ab0050b634335047070b829f2a54de9.css?body=1" for ::1 at 2015-10-19 12:50:19 +0200


Started GET "/assets/jquery.self-a714331225dda820228db323939889f149aec0127aeb06255646b616ba1ca419.js?body=1" for ::1 at 2015-10-19 12:50:19 +0200


Started GET "/assets/jquery_ujs.self-d456baa54c1fa6be2ec3711f0a72ddf7a5b2f34a6b4f515f33767d6207b7d4b3.js?body=1" for ::1 at 2015-10-19 12:50:19 +0200


Started GET "/assets/turbolinks.self-c37727e9bd6b2735da5c311aa83fead54ed0be6cc8bd9a65309e9c5abe2cbfff.js?body=1" for ::1 at 2015-10-19 12:50:19 +0200


Started GET "/assets/homepage.self-877aef30ae1b040ab8a3aba4e3e309a11d7f2612f44dde450b5c157aa5f95c05.js?body=1" for ::1 at 2015-10-19 12:50:19 +0200


Started GET "/assets/application.self-3b8dabdc891efe46b9a144b400ad69e37d7e5876bdc39dee783419a69d7ca819.js?body=1" for ::1 at 2015-10-19 12:50:19 +0200


Started GET "/homepage/show" for ::1 at 2015-10-19 12:51:06 +0200
Processing by HomepageController#show as HTML
  Rendered homepage/show.html.erb within layouts/application (0.4ms)
Completed 200 OK in 122ms (Views: 120.9ms | ActiveRecord: 0.0ms)


Started GET "/assets/application.self-e80e8f2318043e8af94dddc2adad5a4f09739a8ebb323b3ab31cd71d45fd9113.css?body=1" for ::1 at 2015-10-19 12:51:06 +0200


Started GET "/assets/homepage.self-6047e6a8ca1c2621dfdfd51fe78a1a495a990683662bfcebd915fe63db91a911.css?body=1" for ::1 at 2015-10-19 12:51:06 +0200


Started GET "/assets/turbolinks.self-c37727e9bd6b2735da5c311aa83fead54ed0be6cc8bd9a65309e9c5abe2cbfff.js?body=1" for ::1 at 2015-10-19 12:51:06 +0200


Started GET "/assets/jquery.self-a714331225dda820228db323939889f149aec0127aeb06255646b616ba1ca419.js?body=1" for ::1 at 2015-10-19 12:51:06 +0200


Started GET "/assets/application.self-3b8dabdc891efe46b9a144b400ad69e37d7e5876bdc39dee783419a69d7ca819.js?body=1" for ::1 at 2015-10-19 12:51:06 +0200


Started GET "/assets/jquery_ujs.self-d456baa54c1fa6be2ec3711f0a72ddf7a5b2f34a6b4f515f33767d6207b7d4b3.js?body=1" for ::1 at 2015-10-19 12:51:06 +0200


Started GET "/assets/homepage.self-877aef30ae1b040ab8a3aba4e3e309a11d7f2612f44dde450b5c157aa5f95c05.js?body=1" for ::1 at 2015-10-19 12:51:06 +0200


Started GET "/homepage/show" for ::1 at 2015-10-19 12:59:20 +0200
Processing by HomepageController#show as HTML
  Rendered homepage/show.html.erb within layouts/application (0.1ms)
Completed 200 OK in 363ms (Views: 362.5ms | ActiveRecord: 0.0ms)


Started GET "/assets/homepage.self-5ca8310f35785ce3ac51a10fe0ebe67347bfab8ee9acd1926d09c5d98ece28fc.css?body=1" for ::1 at 2015-10-19 12:59:20 +0200


Started GET "/assets/application.self-e80e8f2318043e8af94dddc2adad5a4f09739a8ebb323b3ab31cd71d45fd9113.css?body=1" for ::1 at 2015-10-19 12:59:20 +0200


Started GET "/assets/jquery.self-a714331225dda820228db323939889f149aec0127aeb06255646b616ba1ca419.js?body=1" for ::1 at 2015-10-19 12:59:20 +0200


Started GET "/assets/application.self-3b8dabdc891efe46b9a144b400ad69e37d7e5876bdc39dee783419a69d7ca819.js?body=1" for ::1 at 2015-10-19 12:59:20 +0200


Started GET "/assets/jquery_ujs.self-d456baa54c1fa6be2ec3711f0a72ddf7a5b2f34a6b4f515f33767d6207b7d4b3.js?body=1" for ::1 at 2015-10-19 12:59:20 +0200


Started GET "/assets/turbolinks.self-c37727e9bd6b2735da5c311aa83fead54ed0be6cc8bd9a65309e9c5abe2cbfff.js?body=1" for ::1 at 2015-10-19 12:59:20 +0200


Started GET "/assets/homepage.self-877aef30ae1b040ab8a3aba4e3e309a11d7f2612f44dde450b5c157aa5f95c05.js?body=1" for ::1 at 2015-10-19 12:59:20 +0200


Started GET "/homepage/show" for ::1 at 2015-10-19 12:59:54 +0200
Processing by HomepageController#show as HTML
  Rendered homepage/show.html.erb within layouts/application (0.1ms)
Completed 200 OK in 179ms (Views: 178.5ms | ActiveRecord: 0.0ms)


Started GET "/assets/application.self-e80e8f2318043e8af94dddc2adad5a4f09739a8ebb323b3ab31cd71d45fd9113.css?body=1" for ::1 at 2015-10-19 12:59:54 +0200


Started GET "/assets/homepage.self-a3d2ae6907536e47db71df5782b91fb140302e6764dbe4d73717fcfbc889dbc9.css?body=1" for ::1 at 2015-10-19 12:59:54 +0200


Started GET "/assets/jquery.self-a714331225dda820228db323939889f149aec0127aeb06255646b616ba1ca419.js?body=1" for ::1 at 2015-10-19 12:59:54 +0200


Started GET "/assets/turbolinks.self-c37727e9bd6b2735da5c311aa83fead54ed0be6cc8bd9a65309e9c5abe2cbfff.js?body=1" for ::1 at 2015-10-19 12:59:54 +0200


Started GET "/assets/jquery_ujs.self-d456baa54c1fa6be2ec3711f0a72ddf7a5b2f34a6b4f515f33767d6207b7d4b3.js?body=1" for ::1 at 2015-10-19 12:59:54 +0200


Started GET "/assets/homepage.self-877aef30ae1b040ab8a3aba4e3e309a11d7f2612f44dde450b5c157aa5f95c05.js?body=1" for ::1 at 2015-10-19 12:59:54 +0200


Started GET "/assets/application.self-3b8dabdc891efe46b9a144b400ad69e37d7e5876bdc39dee783419a69d7ca819.js?body=1" for ::1 at 2015-10-19 12:59:54 +0200


Started GET "/homepage/show" for ::1 at 2015-10-19 13:00:36 +0200
Processing by HomepageController#show as HTML
  Rendered homepage/show.html.erb within layouts/application (0.1ms)
Completed 200 OK in 145ms (Views: 144.9ms | ActiveRecord: 0.0ms)


Started GET "/assets/application.self-e80e8f2318043e8af94dddc2adad5a4f09739a8ebb323b3ab31cd71d45fd9113.css?body=1" for ::1 at 2015-10-19 13:00:36 +0200


Started GET "/assets/homepage.self-e8cb92d392b27eb2245e22cd46a9382620bf27b7350b9e1991999c511bbeb8be.css?body=1" for ::1 at 2015-10-19 13:00:36 +0200


Started GET "/assets/jquery.self-a714331225dda820228db323939889f149aec0127aeb06255646b616ba1ca419.js?body=1" for ::1 at 2015-10-19 13:00:36 +0200


Started GET "/assets/jquery_ujs.self-d456baa54c1fa6be2ec3711f0a72ddf7a5b2f34a6b4f515f33767d6207b7d4b3.js?body=1" for ::1 at 2015-10-19 13:00:36 +0200


Started GET "/assets/turbolinks.self-c37727e9bd6b2735da5c311aa83fead54ed0be6cc8bd9a65309e9c5abe2cbfff.js?body=1" for ::1 at 2015-10-19 13:00:36 +0200


Started GET "/assets/application.self-3b8dabdc891efe46b9a144b400ad69e37d7e5876bdc39dee783419a69d7ca819.js?body=1" for ::1 at 2015-10-19 13:00:36 +0200


Started GET "/assets/homepage.self-877aef30ae1b040ab8a3aba4e3e309a11d7f2612f44dde450b5c157aa5f95c05.js?body=1" for ::1 at 2015-10-19 13:00:36 +0200


Started GET "/homepage/show" for ::1 at 2015-10-19 13:01:04 +0200
Processing by HomepageController#show as HTML
  Rendered homepage/show.html.erb within layouts/application (0.1ms)
Completed 200 OK in 50ms (Views: 49.2ms | ActiveRecord: 0.0ms)


Started GET "/assets/application.self-e80e8f2318043e8af94dddc2adad5a4f09739a8ebb323b3ab31cd71d45fd9113.css?body=1" for ::1 at 2015-10-19 13:01:04 +0200


Started GET "/assets/jquery.self-a714331225dda820228db323939889f149aec0127aeb06255646b616ba1ca419.js?body=1" for ::1 at 2015-10-19 13:01:04 +0200


Started GET "/assets/homepage.self-877aef30ae1b040ab8a3aba4e3e309a11d7f2612f44dde450b5c157aa5f95c05.js?body=1" for ::1 at 2015-10-19 13:01:05 +0200


Started GET "/assets/jquery_ujs.self-d456baa54c1fa6be2ec3711f0a72ddf7a5b2f34a6b4f515f33767d6207b7d4b3.js?body=1" for ::1 at 2015-10-19 13:01:05 +0200


Started GET "/assets/application.self-3b8dabdc891efe46b9a144b400ad69e37d7e5876bdc39dee783419a69d7ca819.js?body=1" for ::1 at 2015-10-19 13:01:05 +0200


Started GET "/assets/turbolinks.self-c37727e9bd6b2735da5c311aa83fead54ed0be6cc8bd9a65309e9c5abe2cbfff.js?body=1" for ::1 at 2015-10-19 13:01:05 +0200


Started GET "/assets/homepage.self-a3d2ae6907536e47db71df5782b91fb140302e6764dbe4d73717fcfbc889dbc9.css?body=1" for ::1 at 2015-10-19 13:01:05 +0200
